{"C:\\Users\\jay28\\.gemini\\antigravity\\scratch\\mind-flow-tracker\\src\\services\\gemini.js": {"path":"C:\\Users\\jay28\\.gemini\\antigravity\\scratch\\mind-flow-tracker\\src\\services\\gemini.js","statementMap":{"0":{"start":{"line":5,"column":18},"end":{"line":17,"column":1}},"1":{"start":{"line":6,"column":2},"end":{"line":15,"column":null}},"2":{"start":{"line":7,"column":4},"end":{"line":12,"column":null}},"3":{"start":{"line":8,"column":23},"end":{"line":8,"column":63}},"4":{"start":{"line":9,"column":6},"end":{"line":11,"column":null}},"5":{"start":{"line":10,"column":8},"end":{"line":10,"column":null}},"6":{"start":{"line":14,"column":4},"end":{"line":14,"column":null}},"7":{"start":{"line":16,"column":2},"end":{"line":16,"column":null}},"8":{"start":{"line":20,"column":34},"end":{"line":23,"column":1}},"9":{"start":{"line":21,"column":14},"end":{"line":21,"column":25}},"10":{"start":{"line":22,"column":2},"end":{"line":22,"column":null}},"11":{"start":{"line":29,"column":27},"end":{"line":98,"column":1}},"12":{"start":{"line":30,"column":21},"end":{"line":30,"column":48}},"13":{"start":{"line":33,"column":20},"end":{"line":33,"column":22}},"14":{"start":{"line":34,"column":2},"end":{"line":36,"column":null}},"15":{"start":{"line":35,"column":4},"end":{"line":35,"column":null}},"16":{"start":{"line":37,"column":2},"end":{"line":39,"column":null}},"17":{"start":{"line":38,"column":4},"end":{"line":38,"column":null}},"18":{"start":{"line":40,"column":2},"end":{"line":42,"column":null}},"19":{"start":{"line":41,"column":4},"end":{"line":41,"column":null}},"20":{"start":{"line":43,"column":2},"end":{"line":45,"column":null}},"21":{"start":{"line":44,"column":4},"end":{"line":44,"column":null}},"22":{"start":{"line":46,"column":2},"end":{"line":48,"column":null}},"23":{"start":{"line":47,"column":4},"end":{"line":47,"column":null}},"24":{"start":{"line":49,"column":2},"end":{"line":51,"column":null}},"25":{"start":{"line":50,"column":4},"end":{"line":50,"column":null}},"26":{"start":{"line":54,"column":22},"end":{"line":54,"column":24}},"27":{"start":{"line":55,"column":2},"end":{"line":57,"column":null}},"28":{"start":{"line":56,"column":4},"end":{"line":56,"column":null}},"29":{"start":{"line":58,"column":2},"end":{"line":60,"column":null}},"30":{"start":{"line":59,"column":4},"end":{"line":59,"column":null}},"31":{"start":{"line":61,"column":2},"end":{"line":63,"column":null}},"32":{"start":{"line":62,"column":4},"end":{"line":62,"column":null}},"33":{"start":{"line":64,"column":2},"end":{"line":66,"column":null}},"34":{"start":{"line":65,"column":4},"end":{"line":65,"column":null}},"35":{"start":{"line":69,"column":25},"end":{"line":69,"column":71}},"36":{"start":{"line":70,"column":2},"end":{"line":70,"column":null}},"37":{"start":{"line":70,"column":40},"end":{"line":70,"column":null}},"38":{"start":{"line":71,"column":2},"end":{"line":71,"column":null}},"39":{"start":{"line":71,"column":33},"end":{"line":71,"column":null}},"40":{"start":{"line":74,"column":21},"end":{"line":79,"column":3}},"41":{"start":{"line":82,"column":23},"end":{"line":82,"column":509}},"42":{"start":{"line":84,"column":2},"end":{"line":88,"column":null}},"43":{"start":{"line":85,"column":4},"end":{"line":85,"column":null}},"44":{"start":{"line":86,"column":9},"end":{"line":88,"column":null}},"45":{"start":{"line":87,"column":4},"end":{"line":87,"column":null}},"46":{"start":{"line":90,"column":2},"end":{"line":97,"column":null}},"47":{"start":{"line":103,"column":28},"end":{"line":129,"column":1}},"48":{"start":{"line":104,"column":26},"end":{"line":104,"column":98}},"49":{"start":{"line":104,"column":66},"end":{"line":104,"column":85}},"50":{"start":{"line":105,"column":16},"end":{"line":105,"column":45}},"51":{"start":{"line":107,"column":20},"end":{"line":107,"column":74}},"52":{"start":{"line":108,"column":25},"end":{"line":108,"column":115}},"53":{"start":{"line":109,"column":27},"end":{"line":109,"column":123}},"54":{"start":{"line":110,"column":23},"end":{"line":110,"column":94}},"55":{"start":{"line":112,"column":2},"end":{"line":114,"column":null}},"56":{"start":{"line":112,"column":26},"end":{"line":112,"column":66}},"57":{"start":{"line":113,"column":4},"end":{"line":113,"column":null}},"58":{"start":{"line":116,"column":2},"end":{"line":118,"column":null}},"59":{"start":{"line":116,"column":31},"end":{"line":116,"column":48}},"60":{"start":{"line":117,"column":4},"end":{"line":117,"column":null}},"61":{"start":{"line":120,"column":2},"end":{"line":122,"column":null}},"62":{"start":{"line":120,"column":33},"end":{"line":120,"column":50}},"63":{"start":{"line":121,"column":4},"end":{"line":121,"column":null}},"64":{"start":{"line":124,"column":2},"end":{"line":126,"column":null}},"65":{"start":{"line":124,"column":29},"end":{"line":124,"column":46}},"66":{"start":{"line":125,"column":4},"end":{"line":125,"column":null}},"67":{"start":{"line":128,"column":2},"end":{"line":128,"column":null}},"68":{"start":{"line":134,"column":29},"end":{"line":243,"column":1}},"69":{"start":{"line":137,"column":4},"end":{"line":144,"column":null}},"70":{"start":{"line":138,"column":6},"end":{"line":138,"column":null}},"71":{"start":{"line":139,"column":6},"end":{"line":143,"column":null}},"72":{"start":{"line":140,"column":8},"end":{"line":142,"column":17}},"73":{"start":{"line":141,"column":10},"end":{"line":141,"column":null}},"74":{"start":{"line":146,"column":4},"end":{"line":186,"column":null}},"75":{"start":{"line":147,"column":21},"end":{"line":147,"column":32}},"76":{"start":{"line":148,"column":20},"end":{"line":148,"column":50}},"77":{"start":{"line":151,"column":24},"end":{"line":151,"column":42}},"78":{"start":{"line":153,"column":21},"end":{"line":171,"column":7}},"79":{"start":{"line":173,"column":20},"end":{"line":173,"column":66}},"80":{"start":{"line":174,"column":21},"end":{"line":179,"column":8}},"81":{"start":{"line":181,"column":27},"end":{"line":181,"column":49}},"82":{"start":{"line":182,"column":6},"end":{"line":182,"column":null}},"83":{"start":{"line":184,"column":6},"end":{"line":184,"column":null}},"84":{"start":{"line":185,"column":6},"end":{"line":185,"column":null}},"85":{"start":{"line":191,"column":4},"end":{"line":198,"column":null}},"86":{"start":{"line":192,"column":6},"end":{"line":192,"column":null}},"87":{"start":{"line":193,"column":6},"end":{"line":197,"column":null}},"88":{"start":{"line":194,"column":8},"end":{"line":196,"column":null}},"89":{"start":{"line":195,"column":10},"end":{"line":195,"column":null}},"90":{"start":{"line":200,"column":4},"end":{"line":241,"column":null}},"91":{"start":{"line":201,"column":21},"end":{"line":201,"column":32}},"92":{"start":{"line":202,"column":20},"end":{"line":202,"column":50}},"93":{"start":{"line":203,"column":24},"end":{"line":203,"column":42}},"94":{"start":{"line":205,"column":32},"end":{"line":216,"column":7}},"95":{"start":{"line":218,"column":20},"end":{"line":221,"column":8}},"96":{"start":{"line":224,"column":32},"end":{"line":227,"column":9}},"97":{"start":{"line":224,"column":59},"end":{"line":227,"column":7}},"98":{"start":{"line":229,"column":21},"end":{"line":235,"column":8}},"99":{"start":{"line":237,"column":6},"end":{"line":237,"column":null}},"100":{"start":{"line":239,"column":6},"end":{"line":239,"column":null}},"101":{"start":{"line":240,"column":6},"end":{"line":240,"column":null}}},"fnMap":{"0":{"name":"(anonymous_0)","decl":{"start":{"line":5,"column":18},"end":{"line":5,"column":19}},"loc":{"start":{"line":5,"column":24},"end":{"line":17,"column":1}},"line":5},"1":{"name":"(anonymous_1)","decl":{"start":{"line":20,"column":34},"end":{"line":20,"column":35}},"loc":{"start":{"line":20,"column":40},"end":{"line":23,"column":1}},"line":20},"2":{"name":"(anonymous_2)","decl":{"start":{"line":29,"column":27},"end":{"line":29,"column":28}},"loc":{"start":{"line":29,"column":68},"end":{"line":98,"column":1}},"line":29},"3":{"name":"(anonymous_3)","decl":{"start":{"line":103,"column":28},"end":{"line":103,"column":29}},"loc":{"start":{"line":103,"column":48},"end":{"line":129,"column":1}},"line":103},"4":{"name":"(anonymous_4)","decl":{"start":{"line":104,"column":61},"end":{"line":104,"column":62}},"loc":{"start":{"line":104,"column":66},"end":{"line":104,"column":85}},"line":104},"5":{"name":"(anonymous_5)","decl":{"start":{"line":112,"column":21},"end":{"line":112,"column":22}},"loc":{"start":{"line":112,"column":26},"end":{"line":112,"column":66}},"line":112},"6":{"name":"(anonymous_6)","decl":{"start":{"line":116,"column":26},"end":{"line":116,"column":27}},"loc":{"start":{"line":116,"column":31},"end":{"line":116,"column":48}},"line":116},"7":{"name":"(anonymous_7)","decl":{"start":{"line":120,"column":28},"end":{"line":120,"column":29}},"loc":{"start":{"line":120,"column":33},"end":{"line":120,"column":50}},"line":120},"8":{"name":"(anonymous_8)","decl":{"start":{"line":124,"column":24},"end":{"line":124,"column":25}},"loc":{"start":{"line":124,"column":29},"end":{"line":124,"column":46}},"line":124},"9":{"name":"(anonymous_9)","decl":{"start":{"line":136,"column":18},"end":{"line":136,"column":23}},"loc":{"start":{"line":136,"column":73},"end":{"line":187,"column":3}},"line":136},"10":{"name":"(anonymous_10)","decl":{"start":{"line":139,"column":25},"end":{"line":139,"column":26}},"loc":{"start":{"line":139,"column":38},"end":{"line":143,"column":7}},"line":139},"11":{"name":"(anonymous_11)","decl":{"start":{"line":140,"column":19},"end":{"line":140,"column":20}},"loc":{"start":{"line":140,"column":25},"end":{"line":142,"column":9}},"line":140},"12":{"name":"(anonymous_12)","decl":{"start":{"line":190,"column":19},"end":{"line":190,"column":24}},"loc":{"start":{"line":190,"column":65},"end":{"line":242,"column":null}},"line":190},"13":{"name":"(anonymous_13)","decl":{"start":{"line":193,"column":25},"end":{"line":193,"column":26}},"loc":{"start":{"line":193,"column":38},"end":{"line":197,"column":7}},"line":193},"14":{"name":"(anonymous_14)","decl":{"start":{"line":194,"column":19},"end":{"line":194,"column":20}},"loc":{"start":{"line":194,"column":25},"end":{"line":196,"column":9}},"line":194},"15":{"name":"(anonymous_15)","decl":{"start":{"line":224,"column":51},"end":{"line":224,"column":54}},"loc":{"start":{"line":224,"column":59},"end":{"line":227,"column":7}},"line":224}},"branchMap":{"0":{"loc":{"start":{"line":7,"column":4},"end":{"line":12,"column":null}},"type":"if","locations":[{"start":{"line":7,"column":4},"end":{"line":12,"column":null}},{"start":{},"end":{}}],"line":7},"1":{"loc":{"start":{"line":9,"column":6},"end":{"line":11,"column":null}},"type":"if","locations":[{"start":{"line":9,"column":6},"end":{"line":11,"column":null}},{"start":{},"end":{}}],"line":9},"2":{"loc":{"start":{"line":9,"column":10},"end":{"line":9,"column":48}},"type":"binary-expr","locations":[{"start":{"line":9,"column":10},"end":{"line":9,"column":18}},{"start":{"line":9,"column":22},"end":{"line":9,"column":48}}],"line":9},"3":{"loc":{"start":{"line":16,"column":9},"end":{"line":16,"column":50}},"type":"binary-expr","locations":[{"start":{"line":16,"column":9},"end":{"line":16,"column":44}},{"start":{"line":16,"column":48},"end":{"line":16,"column":50}}],"line":16},"4":{"loc":{"start":{"line":22,"column":9},"end":{"line":22,"column":85}},"type":"binary-expr","locations":[{"start":{"line":22,"column":9},"end":{"line":22,"column":32}},{"start":{"line":22,"column":36},"end":{"line":22,"column":57}},{"start":{"line":22,"column":61},"end":{"line":22,"column":85}}],"line":22},"5":{"loc":{"start":{"line":30,"column":22},"end":{"line":30,"column":33}},"type":"binary-expr","locations":[{"start":{"line":30,"column":22},"end":{"line":30,"column":27}},{"start":{"line":30,"column":31},"end":{"line":30,"column":33}}],"line":30},"6":{"loc":{"start":{"line":34,"column":2},"end":{"line":36,"column":null}},"type":"if","locations":[{"start":{"line":34,"column":2},"end":{"line":36,"column":null}},{"start":{},"end":{}}],"line":34},"7":{"loc":{"start":{"line":34,"column":6},"end":{"line":34,"column":95}},"type":"binary-expr","locations":[{"start":{"line":34,"column":6},"end":{"line":34,"column":33}},{"start":{"line":34,"column":37},"end":{"line":34,"column":64}},{"start":{"line":34,"column":68},"end":{"line":34,"column":95}}],"line":34},"8":{"loc":{"start":{"line":37,"column":2},"end":{"line":39,"column":null}},"type":"if","locations":[{"start":{"line":37,"column":2},"end":{"line":39,"column":null}},{"start":{},"end":{}}],"line":37},"9":{"loc":{"start":{"line":37,"column":6},"end":{"line":37,"column":168}},"type":"binary-expr","locations":[{"start":{"line":37,"column":6},"end":{"line":37,"column":33}},{"start":{"line":37,"column":37},"end":{"line":37,"column":67}},{"start":{"line":37,"column":71},"end":{"line":37,"column":103}},{"start":{"line":37,"column":107},"end":{"line":37,"column":133}},{"start":{"line":37,"column":137},"end":{"line":37,"column":168}}],"line":37},"10":{"loc":{"start":{"line":40,"column":2},"end":{"line":42,"column":null}},"type":"if","locations":[{"start":{"line":40,"column":2},"end":{"line":42,"column":null}},{"start":{},"end":{}}],"line":40},"11":{"loc":{"start":{"line":40,"column":6},"end":{"line":40,"column":131}},"type":"binary-expr","locations":[{"start":{"line":40,"column":6},"end":{"line":40,"column":33}},{"start":{"line":40,"column":37},"end":{"line":40,"column":68}},{"start":{"line":40,"column":72},"end":{"line":40,"column":100}},{"start":{"line":40,"column":104},"end":{"line":40,"column":131}}],"line":40},"12":{"loc":{"start":{"line":43,"column":2},"end":{"line":45,"column":null}},"type":"if","locations":[{"start":{"line":43,"column":2},"end":{"line":45,"column":null}},{"start":{},"end":{}}],"line":43},"13":{"loc":{"start":{"line":43,"column":6},"end":{"line":43,"column":100}},"type":"binary-expr","locations":[{"start":{"line":43,"column":6},"end":{"line":43,"column":34}},{"start":{"line":43,"column":38},"end":{"line":43,"column":66}},{"start":{"line":43,"column":70},"end":{"line":43,"column":100}}],"line":43},"14":{"loc":{"start":{"line":46,"column":2},"end":{"line":48,"column":null}},"type":"if","locations":[{"start":{"line":46,"column":2},"end":{"line":48,"column":null}},{"start":{},"end":{}}],"line":46},"15":{"loc":{"start":{"line":46,"column":6},"end":{"line":46,"column":70}},"type":"binary-expr","locations":[{"start":{"line":46,"column":6},"end":{"line":46,"column":38}},{"start":{"line":46,"column":42},"end":{"line":46,"column":70}}],"line":46},"16":{"loc":{"start":{"line":49,"column":2},"end":{"line":51,"column":null}},"type":"if","locations":[{"start":{"line":49,"column":2},"end":{"line":51,"column":null}},{"start":{},"end":{}}],"line":49},"17":{"loc":{"start":{"line":55,"column":2},"end":{"line":57,"column":null}},"type":"if","locations":[{"start":{"line":55,"column":2},"end":{"line":57,"column":null}},{"start":{},"end":{}}],"line":55},"18":{"loc":{"start":{"line":55,"column":6},"end":{"line":55,"column":96}},"type":"binary-expr","locations":[{"start":{"line":55,"column":6},"end":{"line":55,"column":33}},{"start":{"line":55,"column":37},"end":{"line":55,"column":65}},{"start":{"line":55,"column":69},"end":{"line":55,"column":96}}],"line":55},"19":{"loc":{"start":{"line":58,"column":2},"end":{"line":60,"column":null}},"type":"if","locations":[{"start":{"line":58,"column":2},"end":{"line":60,"column":null}},{"start":{},"end":{}}],"line":58},"20":{"loc":{"start":{"line":58,"column":6},"end":{"line":58,"column":101}},"type":"binary-expr","locations":[{"start":{"line":58,"column":6},"end":{"line":58,"column":35}},{"start":{"line":58,"column":39},"end":{"line":58,"column":69}},{"start":{"line":58,"column":73},"end":{"line":58,"column":101}}],"line":58},"21":{"loc":{"start":{"line":61,"column":2},"end":{"line":63,"column":null}},"type":"if","locations":[{"start":{"line":61,"column":2},"end":{"line":63,"column":null}},{"start":{},"end":{}}],"line":61},"22":{"loc":{"start":{"line":61,"column":6},"end":{"line":61,"column":98}},"type":"binary-expr","locations":[{"start":{"line":61,"column":6},"end":{"line":61,"column":35}},{"start":{"line":61,"column":39},"end":{"line":61,"column":66}},{"start":{"line":61,"column":70},"end":{"line":61,"column":98}}],"line":61},"23":{"loc":{"start":{"line":64,"column":2},"end":{"line":66,"column":null}},"type":"if","locations":[{"start":{"line":64,"column":2},"end":{"line":66,"column":null}},{"start":{},"end":{}}],"line":64},"24":{"loc":{"start":{"line":70,"column":2},"end":{"line":70,"column":null}},"type":"if","locations":[{"start":{"line":70,"column":2},"end":{"line":70,"column":null}},{"start":{},"end":{}}],"line":70},"25":{"loc":{"start":{"line":71,"column":2},"end":{"line":71,"column":null}},"type":"if","locations":[{"start":{"line":71,"column":2},"end":{"line":71,"column":null}},{"start":{},"end":{}}],"line":71},"26":{"loc":{"start":{"line":84,"column":2},"end":{"line":88,"column":null}},"type":"if","locations":[{"start":{"line":84,"column":2},"end":{"line":88,"column":null}},{"start":{"line":86,"column":9},"end":{"line":88,"column":null}}],"line":84},"27":{"loc":{"start":{"line":86,"column":9},"end":{"line":88,"column":null}},"type":"if","locations":[{"start":{"line":86,"column":9},"end":{"line":88,"column":null}},{"start":{},"end":{}}],"line":86},"28":{"loc":{"start":{"line":92,"column":58},"end":{"line":92,"column":89}},"type":"binary-expr","locations":[{"start":{"line":92,"column":58},"end":{"line":92,"column":70}},{"start":{"line":92,"column":74},"end":{"line":92,"column":89}}],"line":92},"29":{"loc":{"start":{"line":104,"column":26},"end":{"line":104,"column":98}},"type":"binary-expr","locations":[{"start":{"line":104,"column":26},"end":{"line":104,"column":92}},{"start":{"line":104,"column":96},"end":{"line":104,"column":98}}],"line":104},"30":{"loc":{"start":{"line":112,"column":2},"end":{"line":114,"column":null}},"type":"if","locations":[{"start":{"line":112,"column":2},"end":{"line":114,"column":null}},{"start":{},"end":{}}],"line":112},"31":{"loc":{"start":{"line":112,"column":26},"end":{"line":112,"column":66}},"type":"binary-expr","locations":[{"start":{"line":112,"column":26},"end":{"line":112,"column":45}},{"start":{"line":112,"column":49},"end":{"line":112,"column":66}}],"line":112},"32":{"loc":{"start":{"line":116,"column":2},"end":{"line":118,"column":null}},"type":"if","locations":[{"start":{"line":116,"column":2},"end":{"line":118,"column":null}},{"start":{},"end":{}}],"line":116},"33":{"loc":{"start":{"line":120,"column":2},"end":{"line":122,"column":null}},"type":"if","locations":[{"start":{"line":120,"column":2},"end":{"line":122,"column":null}},{"start":{},"end":{}}],"line":120},"34":{"loc":{"start":{"line":124,"column":2},"end":{"line":126,"column":null}},"type":"if","locations":[{"start":{"line":124,"column":2},"end":{"line":126,"column":null}},{"start":{},"end":{}}],"line":124},"35":{"loc":{"start":{"line":136,"column":50},"end":{"line":136,"column":68}},"type":"default-arg","locations":[{"start":{"line":136,"column":63},"end":{"line":136,"column":68}}],"line":136},"36":{"loc":{"start":{"line":137,"column":4},"end":{"line":144,"column":null}},"type":"if","locations":[{"start":{"line":137,"column":4},"end":{"line":144,"column":null}},{"start":{},"end":{}}],"line":137},"37":{"loc":{"start":{"line":190,"column":42},"end":{"line":190,"column":60}},"type":"default-arg","locations":[{"start":{"line":190,"column":55},"end":{"line":190,"column":60}}],"line":190},"38":{"loc":{"start":{"line":191,"column":4},"end":{"line":198,"column":null}},"type":"if","locations":[{"start":{"line":191,"column":4},"end":{"line":198,"column":null}},{"start":{},"end":{}}],"line":191},"39":{"loc":{"start":{"line":225,"column":14},"end":{"line":225,"column":54}},"type":"cond-expr","locations":[{"start":{"line":225,"column":38},"end":{"line":225,"column":44}},{"start":{"line":225,"column":47},"end":{"line":225,"column":54}}],"line":225}},"s":{"0":1,"1":19,"2":19,"3":19,"4":19,"5":1,"6":1,"7":18,"8":1,"9":15,"10":15,"11":1,"12":4,"13":4,"14":4,"15":1,"16":4,"17":1,"18":4,"19":1,"20":4,"21":1,"22":4,"23":3,"24":4,"25":1,"26":4,"27":4,"28":1,"29":4,"30":1,"31":4,"32":1,"33":4,"34":2,"35":4,"36":4,"37":1,"38":4,"39":1,"40":4,"41":4,"42":4,"43":1,"44":3,"45":1,"46":4,"47":1,"48":6,"49":6,"50":6,"51":6,"52":6,"53":6,"54":6,"55":6,"56":31,"57":1,"58":5,"59":28,"60":2,"61":3,"62":21,"63":1,"64":2,"65":8,"66":1,"67":1,"68":1,"69":5,"70":3,"71":3,"72":3,"73":3,"74":2,"75":2,"76":2,"77":2,"78":2,"79":2,"80":2,"81":1,"82":1,"83":1,"84":1,"85":7,"86":5,"87":5,"88":5,"89":5,"90":2,"91":2,"92":2,"93":2,"94":2,"95":2,"96":2,"97":2,"98":2,"99":1,"100":1,"101":1},"f":{"0":19,"1":15,"2":4,"3":6,"4":6,"5":31,"6":28,"7":21,"8":8,"9":5,"10":3,"11":3,"12":7,"13":5,"14":5,"15":2},"b":{"0":[19,0],"1":[1,18],"2":[19,1],"3":[18,10],"4":[15,15,5],"5":[4,0],"6":[1,3],"7":[4,3,3],"8":[1,3],"9":[4,4,4,3,3],"10":[1,3],"11":[4,3,3,3],"12":[1,3],"13":[4,4,3],"14":[3,1],"15":[4,3],"16":[1,3],"17":[1,3],"18":[4,3,3],"19":[1,3],"20":[4,3,3],"21":[1,3],"22":[4,3,3],"23":[2,2],"24":[1,3],"25":[1,3],"26":[1,3],"27":[1,2],"28":[4,0],"29":[6,0],"30":[1,5],"31":[31,1],"32":[2,3],"33":[1,2],"34":[1,1],"35":[5],"36":[3,2],"37":[7],"38":[5,2],"39":[2,0]},"meta":{"lastBranch":40,"lastFunction":16,"lastStatement":102,"seen":{"s:5:18:17:1":0,"f:5:18:5:19":0,"s:6:2:15:Infinity":1,"b:7:4:12:Infinity:undefined:undefined:undefined:undefined":0,"s:7:4:12:Infinity":2,"s:8:23:8:63":3,"b:9:6:11:Infinity:undefined:undefined:undefined:undefined":1,"s:9:6:11:Infinity":4,"b:9:10:9:18:9:22:9:48":2,"s:10:8:10:Infinity":5,"s:14:4:14:Infinity":6,"s:16:2:16:Infinity":7,"b:16:9:16:44:16:48:16:50":3,"s:20:34:23:1":8,"f:20:34:20:35":1,"s:21:14:21:25":9,"s:22:2:22:Infinity":10,"b:22:9:22:32:22:36:22:57:22:61:22:85":4,"s:29:27:98:1":11,"f:29:27:29:28":2,"s:30:21:30:48":12,"b:30:22:30:27:30:31:30:33":5,"s:33:20:33:22":13,"b:34:2:36:Infinity:undefined:undefined:undefined:undefined":6,"s:34:2:36:Infinity":14,"b:34:6:34:33:34:37:34:64:34:68:34:95":7,"s:35:4:35:Infinity":15,"b:37:2:39:Infinity:undefined:undefined:undefined:undefined":8,"s:37:2:39:Infinity":16,"b:37:6:37:33:37:37:37:67:37:71:37:103:37:107:37:133:37:137:37:168":9,"s:38:4:38:Infinity":17,"b:40:2:42:Infinity:undefined:undefined:undefined:undefined":10,"s:40:2:42:Infinity":18,"b:40:6:40:33:40:37:40:68:40:72:40:100:40:104:40:131":11,"s:41:4:41:Infinity":19,"b:43:2:45:Infinity:undefined:undefined:undefined:undefined":12,"s:43:2:45:Infinity":20,"b:43:6:43:34:43:38:43:66:43:70:43:100":13,"s:44:4:44:Infinity":21,"b:46:2:48:Infinity:undefined:undefined:undefined:undefined":14,"s:46:2:48:Infinity":22,"b:46:6:46:38:46:42:46:70":15,"s:47:4:47:Infinity":23,"b:49:2:51:Infinity:undefined:undefined:undefined:undefined":16,"s:49:2:51:Infinity":24,"s:50:4:50:Infinity":25,"s:54:22:54:24":26,"b:55:2:57:Infinity:undefined:undefined:undefined:undefined":17,"s:55:2:57:Infinity":27,"b:55:6:55:33:55:37:55:65:55:69:55:96":18,"s:56:4:56:Infinity":28,"b:58:2:60:Infinity:undefined:undefined:undefined:undefined":19,"s:58:2:60:Infinity":29,"b:58:6:58:35:58:39:58:69:58:73:58:101":20,"s:59:4:59:Infinity":30,"b:61:2:63:Infinity:undefined:undefined:undefined:undefined":21,"s:61:2:63:Infinity":31,"b:61:6:61:35:61:39:61:66:61:70:61:98":22,"s:62:4:62:Infinity":32,"b:64:2:66:Infinity:undefined:undefined:undefined:undefined":23,"s:64:2:66:Infinity":33,"s:65:4:65:Infinity":34,"s:69:25:69:71":35,"b:70:2:70:Infinity:undefined:undefined:undefined:undefined":24,"s:70:2:70:Infinity":36,"s:70:40:70:Infinity":37,"b:71:2:71:Infinity:undefined:undefined:undefined:undefined":25,"s:71:2:71:Infinity":38,"s:71:33:71:Infinity":39,"s:74:21:79:3":40,"s:82:23:82:509":41,"b:84:2:88:Infinity:86:9:88:Infinity":26,"s:84:2:88:Infinity":42,"s:85:4:85:Infinity":43,"b:86:9:88:Infinity:undefined:undefined:undefined:undefined":27,"s:86:9:88:Infinity":44,"s:87:4:87:Infinity":45,"s:90:2:97:Infinity":46,"b:92:58:92:70:92:74:92:89":28,"s:103:28:129:1":47,"f:103:28:103:29":3,"s:104:26:104:98":48,"b:104:26:104:92:104:96:104:98":29,"f:104:61:104:62":4,"s:104:66:104:85":49,"s:105:16:105:45":50,"s:107:20:107:74":51,"s:108:25:108:115":52,"s:109:27:109:123":53,"s:110:23:110:94":54,"b:112:2:114:Infinity:undefined:undefined:undefined:undefined":30,"s:112:2:114:Infinity":55,"f:112:21:112:22":5,"s:112:26:112:66":56,"b:112:26:112:45:112:49:112:66":31,"s:113:4:113:Infinity":57,"b:116:2:118:Infinity:undefined:undefined:undefined:undefined":32,"s:116:2:118:Infinity":58,"f:116:26:116:27":6,"s:116:31:116:48":59,"s:117:4:117:Infinity":60,"b:120:2:122:Infinity:undefined:undefined:undefined:undefined":33,"s:120:2:122:Infinity":61,"f:120:28:120:29":7,"s:120:33:120:50":62,"s:121:4:121:Infinity":63,"b:124:2:126:Infinity:undefined:undefined:undefined:undefined":34,"s:124:2:126:Infinity":64,"f:124:24:124:25":8,"s:124:29:124:46":65,"s:125:4:125:Infinity":66,"s:128:2:128:Infinity":67,"s:134:29:243:1":68,"f:136:18:136:23":9,"b:136:63:136:68":35,"b:137:4:144:Infinity:undefined:undefined:undefined:undefined":36,"s:137:4:144:Infinity":69,"s:138:6:138:Infinity":70,"s:139:6:143:Infinity":71,"f:139:25:139:26":10,"s:140:8:142:17":72,"f:140:19:140:20":11,"s:141:10:141:Infinity":73,"s:146:4:186:Infinity":74,"s:147:21:147:32":75,"s:148:20:148:50":76,"s:151:24:151:42":77,"s:153:21:171:7":78,"s:173:20:173:66":79,"s:174:21:179:8":80,"s:181:27:181:49":81,"s:182:6:182:Infinity":82,"s:184:6:184:Infinity":83,"s:185:6:185:Infinity":84,"f:190:19:190:24":12,"b:190:55:190:60":37,"b:191:4:198:Infinity:undefined:undefined:undefined:undefined":38,"s:191:4:198:Infinity":85,"s:192:6:192:Infinity":86,"s:193:6:197:Infinity":87,"f:193:25:193:26":13,"s:194:8:196:Infinity":88,"f:194:19:194:20":14,"s:195:10:195:Infinity":89,"s:200:4:241:Infinity":90,"s:201:21:201:32":91,"s:202:20:202:50":92,"s:203:24:203:42":93,"s:205:32:216:7":94,"s:218:20:221:8":95,"s:224:32:227:9":96,"f:224:51:224:54":15,"s:224:59:227:7":97,"b:225:38:225:44:225:47:225:54":39,"s:229:21:235:8":98,"s:237:6:237:Infinity":99,"s:239:6:239:Infinity":100,"s:240:6:240:Infinity":101},"fnNames":{}}}
,"C:\\Users\\jay28\\.gemini\\antigravity\\scratch\\mind-flow-tracker\\src\\services\\songsData.js": {"path":"C:\\Users\\jay28\\.gemini\\antigravity\\scratch\\mind-flow-tracker\\src\\services\\songsData.js","statementMap":{"0":{"start":{"line":2,"column":25},"end":{"line":253,"column":1}},"1":{"start":{"line":256,"column":28},"end":{"line":261,"column":1}},"2":{"start":{"line":257,"column":2},"end":{"line":260,"column":null}}},"fnMap":{"0":{"name":"(anonymous_0)","decl":{"start":{"line":256,"column":28},"end":{"line":256,"column":29}},"loc":{"start":{"line":256,"column":38},"end":{"line":261,"column":1}},"line":256}},"branchMap":{},"s":{"0":1,"1":1,"2":1},"f":{"0":1},"b":{},"meta":{"lastBranch":0,"lastFunction":1,"lastStatement":3,"seen":{"s:2:25:253:1":0,"s:256:28:261:1":1,"f:256:28:256:29":0,"s:257:2:260:Infinity":2},"fnNames":{}}}
,"C:\\Users\\jay28\\.gemini\\antigravity\\scratch\\mind-flow-tracker\\src\\services\\storage.js": {"path":"C:\\Users\\jay28\\.gemini\\antigravity\\scratch\\mind-flow-tracker\\src\\services\\storage.js","statementMap":{"0":{"start":{"line":3,"column":13},"end":{"line":8,"column":1}},"1":{"start":{"line":11,"column":25},"end":{"line":21,"column":1}},"2":{"start":{"line":23,"column":23},"end":{"line":219,"column":1}},"3":{"start":{"line":26,"column":4},"end":{"line":37,"column":null}},"4":{"start":{"line":27,"column":6},"end":{"line":27,"column":null}},"5":{"start":{"line":28,"column":6},"end":{"line":28,"column":null}},"6":{"start":{"line":29,"column":6},"end":{"line":29,"column":null}},"7":{"start":{"line":30,"column":6},"end":{"line":30,"column":null}},"8":{"start":{"line":31,"column":6},"end":{"line":31,"column":null}},"9":{"start":{"line":32,"column":6},"end":{"line":32,"column":null}},"10":{"start":{"line":33,"column":6},"end":{"line":33,"column":null}},"11":{"start":{"line":35,"column":6},"end":{"line":35,"column":null}},"12":{"start":{"line":36,"column":6},"end":{"line":36,"column":null}},"13":{"start":{"line":42,"column":4},"end":{"line":48,"column":null}},"14":{"start":{"line":43,"column":19},"end":{"line":43,"column":54}},"15":{"start":{"line":44,"column":6},"end":{"line":44,"column":null}},"16":{"start":{"line":46,"column":6},"end":{"line":46,"column":null}},"17":{"start":{"line":47,"column":6},"end":{"line":47,"column":null}},"18":{"start":{"line":52,"column":4},"end":{"line":58,"column":null}},"19":{"start":{"line":53,"column":6},"end":{"line":53,"column":null}},"20":{"start":{"line":54,"column":6},"end":{"line":54,"column":null}},"21":{"start":{"line":56,"column":6},"end":{"line":56,"column":null}},"22":{"start":{"line":57,"column":6},"end":{"line":57,"column":null}},"23":{"start":{"line":63,"column":4},"end":{"line":69,"column":null}},"24":{"start":{"line":64,"column":19},"end":{"line":64,"column":55}},"25":{"start":{"line":65,"column":6},"end":{"line":65,"column":null}},"26":{"start":{"line":67,"column":6},"end":{"line":67,"column":null}},"27":{"start":{"line":68,"column":6},"end":{"line":68,"column":null}},"28":{"start":{"line":73,"column":4},"end":{"line":79,"column":null}},"29":{"start":{"line":74,"column":6},"end":{"line":74,"column":null}},"30":{"start":{"line":75,"column":6},"end":{"line":75,"column":null}},"31":{"start":{"line":77,"column":6},"end":{"line":77,"column":null}},"32":{"start":{"line":78,"column":6},"end":{"line":78,"column":null}},"33":{"start":{"line":83,"column":4},"end":{"line":99,"column":null}},"34":{"start":{"line":84,"column":19},"end":{"line":84,"column":40}},"35":{"start":{"line":85,"column":21},"end":{"line":92,"column":7}},"36":{"start":{"line":93,"column":6},"end":{"line":93,"column":27}},"37":{"start":{"line":94,"column":6},"end":{"line":94,"column":null}},"38":{"start":{"line":95,"column":6},"end":{"line":95,"column":null}},"39":{"start":{"line":97,"column":6},"end":{"line":97,"column":null}},"40":{"start":{"line":98,"column":6},"end":{"line":98,"column":null}},"41":{"start":{"line":104,"column":4},"end":{"line":120,"column":null}},"42":{"start":{"line":105,"column":19},"end":{"line":105,"column":59}},"43":{"start":{"line":107,"column":6},"end":{"line":115,"column":null}},"44":{"start":{"line":108,"column":25},"end":{"line":112,"column":9}},"45":{"start":{"line":113,"column":8},"end":{"line":113,"column":null}},"46":{"start":{"line":114,"column":8},"end":{"line":114,"column":null}},"47":{"start":{"line":116,"column":6},"end":{"line":116,"column":null}},"48":{"start":{"line":118,"column":6},"end":{"line":118,"column":null}},"49":{"start":{"line":119,"column":6},"end":{"line":119,"column":null}},"50":{"start":{"line":124,"column":4},"end":{"line":130,"column":null}},"51":{"start":{"line":125,"column":6},"end":{"line":125,"column":null}},"52":{"start":{"line":126,"column":6},"end":{"line":126,"column":null}},"53":{"start":{"line":128,"column":6},"end":{"line":128,"column":null}},"54":{"start":{"line":129,"column":6},"end":{"line":129,"column":null}},"55":{"start":{"line":134,"column":4},"end":{"line":150,"column":null}},"56":{"start":{"line":135,"column":23},"end":{"line":135,"column":48}},"57":{"start":{"line":136,"column":22},"end":{"line":141,"column":7}},"58":{"start":{"line":142,"column":6},"end":{"line":142,"column":null}},"59":{"start":{"line":144,"column":6},"end":{"line":144,"column":null}},"60":{"start":{"line":144,"column":30},"end":{"line":144,"column":65}},"61":{"start":{"line":145,"column":6},"end":{"line":145,"column":null}},"62":{"start":{"line":146,"column":6},"end":{"line":146,"column":null}},"63":{"start":{"line":148,"column":6},"end":{"line":148,"column":null}},"64":{"start":{"line":149,"column":6},"end":{"line":149,"column":null}},"65":{"start":{"line":154,"column":4},"end":{"line":162,"column":null}},"66":{"start":{"line":155,"column":23},"end":{"line":155,"column":48}},"67":{"start":{"line":156,"column":22},"end":{"line":156,"column":61}},"68":{"start":{"line":156,"column":46},"end":{"line":156,"column":60}},"69":{"start":{"line":157,"column":6},"end":{"line":157,"column":null}},"70":{"start":{"line":158,"column":6},"end":{"line":158,"column":null}},"71":{"start":{"line":160,"column":6},"end":{"line":160,"column":null}},"72":{"start":{"line":161,"column":6},"end":{"line":161,"column":null}},"73":{"start":{"line":167,"column":4},"end":{"line":180,"column":null}},"74":{"start":{"line":168,"column":19},"end":{"line":168,"column":58}},"75":{"start":{"line":169,"column":6},"end":{"line":175,"column":null}},"76":{"start":{"line":170,"column":28},"end":{"line":172,"column":9}},"77":{"start":{"line":173,"column":8},"end":{"line":173,"column":null}},"78":{"start":{"line":174,"column":8},"end":{"line":174,"column":null}},"79":{"start":{"line":176,"column":6},"end":{"line":176,"column":null}},"80":{"start":{"line":178,"column":6},"end":{"line":178,"column":null}},"81":{"start":{"line":179,"column":6},"end":{"line":179,"column":null}},"82":{"start":{"line":184,"column":4},"end":{"line":190,"column":null}},"83":{"start":{"line":185,"column":6},"end":{"line":185,"column":null}},"84":{"start":{"line":186,"column":6},"end":{"line":186,"column":null}},"85":{"start":{"line":188,"column":6},"end":{"line":188,"column":null}},"86":{"start":{"line":189,"column":6},"end":{"line":189,"column":null}},"87":{"start":{"line":194,"column":4},"end":{"line":207,"column":null}},"88":{"start":{"line":195,"column":22},"end":{"line":195,"column":46}},"89":{"start":{"line":196,"column":25},"end":{"line":200,"column":7}},"90":{"start":{"line":201,"column":6},"end":{"line":201,"column":null}},"91":{"start":{"line":202,"column":6},"end":{"line":202,"column":null}},"92":{"start":{"line":203,"column":6},"end":{"line":203,"column":null}},"93":{"start":{"line":205,"column":6},"end":{"line":205,"column":null}},"94":{"start":{"line":206,"column":6},"end":{"line":206,"column":null}},"95":{"start":{"line":211,"column":4},"end":{"line":217,"column":null}},"96":{"start":{"line":212,"column":6},"end":{"line":212,"column":null}},"97":{"start":{"line":213,"column":6},"end":{"line":213,"column":null}},"98":{"start":{"line":215,"column":6},"end":{"line":215,"column":null}},"99":{"start":{"line":216,"column":6},"end":{"line":216,"column":null}}},"fnMap":{"0":{"name":"(anonymous_0)","decl":{"start":{"line":25,"column":12},"end":{"line":25,"column":13}},"loc":{"start":{"line":25,"column":18},"end":{"line":38,"column":3}},"line":25},"1":{"name":"(anonymous_1)","decl":{"start":{"line":41,"column":15},"end":{"line":41,"column":16}},"loc":{"start":{"line":41,"column":21},"end":{"line":49,"column":3}},"line":41},"2":{"name":"(anonymous_2)","decl":{"start":{"line":51,"column":16},"end":{"line":51,"column":17}},"loc":{"start":{"line":51,"column":30},"end":{"line":59,"column":3}},"line":51},"3":{"name":"(anonymous_3)","decl":{"start":{"line":62,"column":15},"end":{"line":62,"column":16}},"loc":{"start":{"line":62,"column":21},"end":{"line":70,"column":3}},"line":62},"4":{"name":"(anonymous_4)","decl":{"start":{"line":72,"column":16},"end":{"line":72,"column":17}},"loc":{"start":{"line":72,"column":26},"end":{"line":80,"column":3}},"line":72},"5":{"name":"(anonymous_5)","decl":{"start":{"line":82,"column":14},"end":{"line":82,"column":15}},"loc":{"start":{"line":82,"column":60},"end":{"line":100,"column":3}},"line":82},"6":{"name":"(anonymous_6)","decl":{"start":{"line":103,"column":19},"end":{"line":103,"column":20}},"loc":{"start":{"line":103,"column":25},"end":{"line":121,"column":3}},"line":103},"7":{"name":"(anonymous_7)","decl":{"start":{"line":123,"column":20},"end":{"line":123,"column":21}},"loc":{"start":{"line":123,"column":34},"end":{"line":131,"column":3}},"line":123},"8":{"name":"(anonymous_8)","decl":{"start":{"line":133,"column":11},"end":{"line":133,"column":12}},"loc":{"start":{"line":133,"column":37},"end":{"line":151,"column":3}},"line":133},"9":{"name":"(anonymous_9)","decl":{"start":{"line":144,"column":20},"end":{"line":144,"column":21}},"loc":{"start":{"line":144,"column":30},"end":{"line":144,"column":65}},"line":144},"10":{"name":"(anonymous_10)","decl":{"start":{"line":153,"column":14},"end":{"line":153,"column":15}},"loc":{"start":{"line":153,"column":22},"end":{"line":163,"column":3}},"line":153},"11":{"name":"(anonymous_11)","decl":{"start":{"line":156,"column":38},"end":{"line":156,"column":42}},"loc":{"start":{"line":156,"column":46},"end":{"line":156,"column":60}},"line":156},"12":{"name":"(anonymous_12)","decl":{"start":{"line":166,"column":18},"end":{"line":166,"column":19}},"loc":{"start":{"line":166,"column":24},"end":{"line":181,"column":3}},"line":166},"13":{"name":"(anonymous_13)","decl":{"start":{"line":183,"column":19},"end":{"line":183,"column":20}},"loc":{"start":{"line":183,"column":32},"end":{"line":191,"column":3}},"line":183},"14":{"name":"(anonymous_14)","decl":{"start":{"line":193,"column":18},"end":{"line":193,"column":19}},"loc":{"start":{"line":193,"column":36},"end":{"line":208,"column":3}},"line":193},"15":{"name":"(anonymous_15)","decl":{"start":{"line":210,"column":20},"end":{"line":210,"column":21}},"loc":{"start":{"line":210,"column":26},"end":{"line":218,"column":null}},"line":210}},"branchMap":{"0":{"loc":{"start":{"line":44,"column":13},"end":{"line":44,"column":55}},"type":"cond-expr","locations":[{"start":{"line":44,"column":20},"end":{"line":44,"column":36}},{"start":{"line":44,"column":39},"end":{"line":44,"column":55}}],"line":44},"1":{"loc":{"start":{"line":65,"column":13},"end":{"line":65,"column":41}},"type":"cond-expr","locations":[{"start":{"line":65,"column":20},"end":{"line":65,"column":36}},{"start":{"line":65,"column":39},"end":{"line":65,"column":41}}],"line":65},"2":{"loc":{"start":{"line":82,"column":40},"end":{"line":82,"column":55}},"type":"default-arg","locations":[{"start":{"line":82,"column":51},"end":{"line":82,"column":55}}],"line":82},"3":{"loc":{"start":{"line":89,"column":18},"end":{"line":89,"column":32}},"type":"binary-expr","locations":[{"start":{"line":89,"column":18},"end":{"line":89,"column":26}},{"start":{"line":89,"column":30},"end":{"line":89,"column":32}}],"line":89},"4":{"loc":{"start":{"line":90,"column":15},"end":{"line":90,"column":26}},"type":"binary-expr","locations":[{"start":{"line":90,"column":15},"end":{"line":90,"column":20}},{"start":{"line":90,"column":24},"end":{"line":90,"column":26}}],"line":90},"5":{"loc":{"start":{"line":107,"column":6},"end":{"line":115,"column":null}},"type":"if","locations":[{"start":{"line":107,"column":6},"end":{"line":115,"column":null}},{"start":{},"end":{}}],"line":107},"6":{"loc":{"start":{"line":169,"column":6},"end":{"line":175,"column":null}},"type":"if","locations":[{"start":{"line":169,"column":6},"end":{"line":175,"column":null}},{"start":{},"end":{}}],"line":169}},"s":{"0":1,"1":1,"2":1,"3":2,"4":2,"5":2,"6":2,"7":2,"8":2,"9":2,"10":2,"11":1,"12":1,"13":3,"14":3,"15":3,"16":1,"17":1,"18":3,"19":3,"20":3,"21":1,"22":1,"23":5,"24":5,"25":5,"26":1,"27":1,"28":4,"29":4,"30":4,"31":1,"32":1,"33":4,"34":4,"35":4,"36":4,"37":4,"38":4,"39":1,"40":1,"41":8,"42":8,"43":8,"44":1,"45":1,"46":1,"47":5,"48":2,"49":2,"50":6,"51":6,"52":6,"53":2,"54":2,"55":4,"56":4,"57":4,"58":4,"59":4,"60":6,"61":4,"62":4,"63":1,"64":1,"65":3,"66":3,"67":3,"68":2,"69":3,"70":3,"71":1,"72":1,"73":5,"74":5,"75":5,"76":1,"77":1,"78":1,"79":3,"80":1,"81":1,"82":3,"83":3,"84":3,"85":1,"86":1,"87":3,"88":3,"89":3,"90":3,"91":3,"92":3,"93":1,"94":1,"95":2,"96":2,"97":2,"98":1,"99":1},"f":{"0":2,"1":3,"2":3,"3":5,"4":4,"5":4,"6":8,"7":6,"8":4,"9":6,"10":3,"11":2,"12":5,"13":3,"14":3,"15":2},"b":{"0":[1,1],"1":[1,3],"2":[4],"3":[4,1],"4":[4,1],"5":[1,7],"6":[1,4]},"meta":{"lastBranch":7,"lastFunction":16,"lastStatement":100,"seen":{"s:3:13:8:1":0,"s:11:25:21:1":1,"s:23:23:219:1":2,"f:25:12:25:13":0,"s:26:4:37:Infinity":3,"s:27:6:27:Infinity":4,"s:28:6:28:Infinity":5,"s:29:6:29:Infinity":6,"s:30:6:30:Infinity":7,"s:31:6:31:Infinity":8,"s:32:6:32:Infinity":9,"s:33:6:33:Infinity":10,"s:35:6:35:Infinity":11,"s:36:6:36:Infinity":12,"f:41:15:41:16":1,"s:42:4:48:Infinity":13,"s:43:19:43:54":14,"s:44:6:44:Infinity":15,"b:44:20:44:36:44:39:44:55":0,"s:46:6:46:Infinity":16,"s:47:6:47:Infinity":17,"f:51:16:51:17":2,"s:52:4:58:Infinity":18,"s:53:6:53:Infinity":19,"s:54:6:54:Infinity":20,"s:56:6:56:Infinity":21,"s:57:6:57:Infinity":22,"f:62:15:62:16":3,"s:63:4:69:Infinity":23,"s:64:19:64:55":24,"s:65:6:65:Infinity":25,"b:65:20:65:36:65:39:65:41":1,"s:67:6:67:Infinity":26,"s:68:6:68:Infinity":27,"f:72:16:72:17":4,"s:73:4:79:Infinity":28,"s:74:6:74:Infinity":29,"s:75:6:75:Infinity":30,"s:77:6:77:Infinity":31,"s:78:6:78:Infinity":32,"f:82:14:82:15":5,"b:82:51:82:55":2,"s:83:4:99:Infinity":33,"s:84:19:84:40":34,"s:85:21:92:7":35,"b:89:18:89:26:89:30:89:32":3,"b:90:15:90:20:90:24:90:26":4,"s:93:6:93:27":36,"s:94:6:94:Infinity":37,"s:95:6:95:Infinity":38,"s:97:6:97:Infinity":39,"s:98:6:98:Infinity":40,"f:103:19:103:20":6,"s:104:4:120:Infinity":41,"s:105:19:105:59":42,"b:107:6:115:Infinity:undefined:undefined:undefined:undefined":5,"s:107:6:115:Infinity":43,"s:108:25:112:9":44,"s:113:8:113:Infinity":45,"s:114:8:114:Infinity":46,"s:116:6:116:Infinity":47,"s:118:6:118:Infinity":48,"s:119:6:119:Infinity":49,"f:123:20:123:21":7,"s:124:4:130:Infinity":50,"s:125:6:125:Infinity":51,"s:126:6:126:Infinity":52,"s:128:6:128:Infinity":53,"s:129:6:129:Infinity":54,"f:133:11:133:12":8,"s:134:4:150:Infinity":55,"s:135:23:135:48":56,"s:136:22:141:7":57,"s:142:6:142:Infinity":58,"s:144:6:144:Infinity":59,"f:144:20:144:21":9,"s:144:30:144:65":60,"s:145:6:145:Infinity":61,"s:146:6:146:Infinity":62,"s:148:6:148:Infinity":63,"s:149:6:149:Infinity":64,"f:153:14:153:15":10,"s:154:4:162:Infinity":65,"s:155:23:155:48":66,"s:156:22:156:61":67,"f:156:38:156:42":11,"s:156:46:156:60":68,"s:157:6:157:Infinity":69,"s:158:6:158:Infinity":70,"s:160:6:160:Infinity":71,"s:161:6:161:Infinity":72,"f:166:18:166:19":12,"s:167:4:180:Infinity":73,"s:168:19:168:58":74,"b:169:6:175:Infinity:undefined:undefined:undefined:undefined":6,"s:169:6:175:Infinity":75,"s:170:28:172:9":76,"s:173:8:173:Infinity":77,"s:174:8:174:Infinity":78,"s:176:6:176:Infinity":79,"s:178:6:178:Infinity":80,"s:179:6:179:Infinity":81,"f:183:19:183:20":13,"s:184:4:190:Infinity":82,"s:185:6:185:Infinity":83,"s:186:6:186:Infinity":84,"s:188:6:188:Infinity":85,"s:189:6:189:Infinity":86,"f:193:18:193:19":14,"s:194:4:207:Infinity":87,"s:195:22:195:46":88,"s:196:25:200:7":89,"s:201:6:201:Infinity":90,"s:202:6:202:Infinity":91,"s:203:6:203:Infinity":92,"s:205:6:205:Infinity":93,"s:206:6:206:Infinity":94,"f:210:20:210:21":15,"s:211:4:217:Infinity":95,"s:212:6:212:Infinity":96,"s:213:6:213:Infinity":97,"s:215:6:215:Infinity":98,"s:216:6:216:Infinity":99},"fnNames":{}}}
}
