{"C:\\Users\\jay28\\.gemini\\antigravity\\scratch\\mind-flow-tracker\\src\\services\\gemini.js": {"path":"C:\\Users\\jay28\\.gemini\\antigravity\\scratch\\mind-flow-tracker\\src\\services\\gemini.js","statementMap":{"0":{"start":{"line":5,"column":18},"end":{"line":7,"column":1}},"1":{"start":{"line":6,"column":2},"end":{"line":6,"column":null}},"2":{"start":{"line":10,"column":34},"end":{"line":13,"column":1}},"3":{"start":{"line":11,"column":14},"end":{"line":11,"column":25}},"4":{"start":{"line":12,"column":2},"end":{"line":12,"column":null}},"5":{"start":{"line":19,"column":27},"end":{"line":88,"column":1}},"6":{"start":{"line":20,"column":21},"end":{"line":20,"column":48}},"7":{"start":{"line":23,"column":20},"end":{"line":23,"column":22}},"8":{"start":{"line":24,"column":2},"end":{"line":26,"column":null}},"9":{"start":{"line":25,"column":4},"end":{"line":25,"column":null}},"10":{"start":{"line":27,"column":2},"end":{"line":29,"column":null}},"11":{"start":{"line":28,"column":4},"end":{"line":28,"column":null}},"12":{"start":{"line":30,"column":2},"end":{"line":32,"column":null}},"13":{"start":{"line":31,"column":4},"end":{"line":31,"column":null}},"14":{"start":{"line":33,"column":2},"end":{"line":35,"column":null}},"15":{"start":{"line":34,"column":4},"end":{"line":34,"column":null}},"16":{"start":{"line":36,"column":2},"end":{"line":38,"column":null}},"17":{"start":{"line":37,"column":4},"end":{"line":37,"column":null}},"18":{"start":{"line":39,"column":2},"end":{"line":41,"column":null}},"19":{"start":{"line":40,"column":4},"end":{"line":40,"column":null}},"20":{"start":{"line":44,"column":22},"end":{"line":44,"column":24}},"21":{"start":{"line":45,"column":2},"end":{"line":47,"column":null}},"22":{"start":{"line":46,"column":4},"end":{"line":46,"column":null}},"23":{"start":{"line":48,"column":2},"end":{"line":50,"column":null}},"24":{"start":{"line":49,"column":4},"end":{"line":49,"column":null}},"25":{"start":{"line":51,"column":2},"end":{"line":53,"column":null}},"26":{"start":{"line":52,"column":4},"end":{"line":52,"column":null}},"27":{"start":{"line":54,"column":2},"end":{"line":56,"column":null}},"28":{"start":{"line":55,"column":4},"end":{"line":55,"column":null}},"29":{"start":{"line":59,"column":25},"end":{"line":59,"column":71}},"30":{"start":{"line":60,"column":2},"end":{"line":60,"column":null}},"31":{"start":{"line":60,"column":40},"end":{"line":60,"column":null}},"32":{"start":{"line":61,"column":2},"end":{"line":61,"column":null}},"33":{"start":{"line":61,"column":33},"end":{"line":61,"column":null}},"34":{"start":{"line":64,"column":21},"end":{"line":69,"column":3}},"35":{"start":{"line":72,"column":23},"end":{"line":72,"column":509}},"36":{"start":{"line":74,"column":2},"end":{"line":78,"column":null}},"37":{"start":{"line":75,"column":4},"end":{"line":75,"column":null}},"38":{"start":{"line":76,"column":9},"end":{"line":78,"column":null}},"39":{"start":{"line":77,"column":4},"end":{"line":77,"column":null}},"40":{"start":{"line":80,"column":2},"end":{"line":87,"column":null}},"41":{"start":{"line":93,"column":28},"end":{"line":119,"column":1}},"42":{"start":{"line":94,"column":26},"end":{"line":94,"column":98}},"43":{"start":{"line":94,"column":66},"end":{"line":94,"column":85}},"44":{"start":{"line":95,"column":16},"end":{"line":95,"column":45}},"45":{"start":{"line":97,"column":20},"end":{"line":97,"column":74}},"46":{"start":{"line":98,"column":25},"end":{"line":98,"column":115}},"47":{"start":{"line":99,"column":27},"end":{"line":99,"column":123}},"48":{"start":{"line":100,"column":23},"end":{"line":100,"column":94}},"49":{"start":{"line":102,"column":2},"end":{"line":104,"column":null}},"50":{"start":{"line":102,"column":26},"end":{"line":102,"column":66}},"51":{"start":{"line":103,"column":4},"end":{"line":103,"column":null}},"52":{"start":{"line":106,"column":2},"end":{"line":108,"column":null}},"53":{"start":{"line":106,"column":31},"end":{"line":106,"column":48}},"54":{"start":{"line":107,"column":4},"end":{"line":107,"column":null}},"55":{"start":{"line":110,"column":2},"end":{"line":112,"column":null}},"56":{"start":{"line":110,"column":33},"end":{"line":110,"column":50}},"57":{"start":{"line":111,"column":4},"end":{"line":111,"column":null}},"58":{"start":{"line":114,"column":2},"end":{"line":116,"column":null}},"59":{"start":{"line":114,"column":29},"end":{"line":114,"column":46}},"60":{"start":{"line":115,"column":4},"end":{"line":115,"column":null}},"61":{"start":{"line":118,"column":2},"end":{"line":118,"column":null}},"62":{"start":{"line":124,"column":29},"end":{"line":233,"column":1}},"63":{"start":{"line":127,"column":4},"end":{"line":134,"column":null}},"64":{"start":{"line":128,"column":6},"end":{"line":128,"column":null}},"65":{"start":{"line":129,"column":6},"end":{"line":133,"column":null}},"66":{"start":{"line":130,"column":8},"end":{"line":132,"column":17}},"67":{"start":{"line":131,"column":10},"end":{"line":131,"column":null}},"68":{"start":{"line":136,"column":4},"end":{"line":176,"column":null}},"69":{"start":{"line":137,"column":21},"end":{"line":137,"column":32}},"70":{"start":{"line":138,"column":20},"end":{"line":138,"column":50}},"71":{"start":{"line":141,"column":24},"end":{"line":141,"column":42}},"72":{"start":{"line":143,"column":21},"end":{"line":161,"column":7}},"73":{"start":{"line":163,"column":20},"end":{"line":163,"column":66}},"74":{"start":{"line":164,"column":21},"end":{"line":169,"column":8}},"75":{"start":{"line":171,"column":27},"end":{"line":171,"column":49}},"76":{"start":{"line":172,"column":6},"end":{"line":172,"column":null}},"77":{"start":{"line":174,"column":6},"end":{"line":174,"column":null}},"78":{"start":{"line":175,"column":6},"end":{"line":175,"column":null}},"79":{"start":{"line":181,"column":4},"end":{"line":188,"column":null}},"80":{"start":{"line":182,"column":6},"end":{"line":182,"column":null}},"81":{"start":{"line":183,"column":6},"end":{"line":187,"column":null}},"82":{"start":{"line":184,"column":8},"end":{"line":186,"column":null}},"83":{"start":{"line":185,"column":10},"end":{"line":185,"column":null}},"84":{"start":{"line":190,"column":4},"end":{"line":231,"column":null}},"85":{"start":{"line":191,"column":21},"end":{"line":191,"column":32}},"86":{"start":{"line":192,"column":20},"end":{"line":192,"column":50}},"87":{"start":{"line":193,"column":24},"end":{"line":193,"column":42}},"88":{"start":{"line":195,"column":32},"end":{"line":206,"column":7}},"89":{"start":{"line":208,"column":20},"end":{"line":211,"column":8}},"90":{"start":{"line":214,"column":32},"end":{"line":217,"column":9}},"91":{"start":{"line":214,"column":59},"end":{"line":217,"column":7}},"92":{"start":{"line":219,"column":21},"end":{"line":225,"column":8}},"93":{"start":{"line":227,"column":6},"end":{"line":227,"column":null}},"94":{"start":{"line":229,"column":6},"end":{"line":229,"column":null}},"95":{"start":{"line":230,"column":6},"end":{"line":230,"column":null}}},"fnMap":{"0":{"name":"(anonymous_0)","decl":{"start":{"line":5,"column":18},"end":{"line":5,"column":19}},"loc":{"start":{"line":5,"column":24},"end":{"line":7,"column":1}},"line":5},"1":{"name":"(anonymous_1)","decl":{"start":{"line":10,"column":34},"end":{"line":10,"column":35}},"loc":{"start":{"line":10,"column":40},"end":{"line":13,"column":1}},"line":10},"2":{"name":"(anonymous_2)","decl":{"start":{"line":19,"column":27},"end":{"line":19,"column":28}},"loc":{"start":{"line":19,"column":68},"end":{"line":88,"column":1}},"line":19},"3":{"name":"(anonymous_3)","decl":{"start":{"line":93,"column":28},"end":{"line":93,"column":29}},"loc":{"start":{"line":93,"column":48},"end":{"line":119,"column":1}},"line":93},"4":{"name":"(anonymous_4)","decl":{"start":{"line":94,"column":61},"end":{"line":94,"column":62}},"loc":{"start":{"line":94,"column":66},"end":{"line":94,"column":85}},"line":94},"5":{"name":"(anonymous_5)","decl":{"start":{"line":102,"column":21},"end":{"line":102,"column":22}},"loc":{"start":{"line":102,"column":26},"end":{"line":102,"column":66}},"line":102},"6":{"name":"(anonymous_6)","decl":{"start":{"line":106,"column":26},"end":{"line":106,"column":27}},"loc":{"start":{"line":106,"column":31},"end":{"line":106,"column":48}},"line":106},"7":{"name":"(anonymous_7)","decl":{"start":{"line":110,"column":28},"end":{"line":110,"column":29}},"loc":{"start":{"line":110,"column":33},"end":{"line":110,"column":50}},"line":110},"8":{"name":"(anonymous_8)","decl":{"start":{"line":114,"column":24},"end":{"line":114,"column":25}},"loc":{"start":{"line":114,"column":29},"end":{"line":114,"column":46}},"line":114},"9":{"name":"(anonymous_9)","decl":{"start":{"line":126,"column":18},"end":{"line":126,"column":23}},"loc":{"start":{"line":126,"column":73},"end":{"line":177,"column":3}},"line":126},"10":{"name":"(anonymous_10)","decl":{"start":{"line":129,"column":25},"end":{"line":129,"column":26}},"loc":{"start":{"line":129,"column":38},"end":{"line":133,"column":7}},"line":129},"11":{"name":"(anonymous_11)","decl":{"start":{"line":130,"column":19},"end":{"line":130,"column":20}},"loc":{"start":{"line":130,"column":25},"end":{"line":132,"column":9}},"line":130},"12":{"name":"(anonymous_12)","decl":{"start":{"line":180,"column":19},"end":{"line":180,"column":24}},"loc":{"start":{"line":180,"column":65},"end":{"line":232,"column":null}},"line":180},"13":{"name":"(anonymous_13)","decl":{"start":{"line":183,"column":25},"end":{"line":183,"column":26}},"loc":{"start":{"line":183,"column":38},"end":{"line":187,"column":7}},"line":183},"14":{"name":"(anonymous_14)","decl":{"start":{"line":184,"column":19},"end":{"line":184,"column":20}},"loc":{"start":{"line":184,"column":25},"end":{"line":186,"column":9}},"line":184},"15":{"name":"(anonymous_15)","decl":{"start":{"line":214,"column":51},"end":{"line":214,"column":54}},"loc":{"start":{"line":214,"column":59},"end":{"line":217,"column":7}},"line":214}},"branchMap":{"0":{"loc":{"start":{"line":6,"column":9},"end":{"line":6,"column":50}},"type":"binary-expr","locations":[{"start":{"line":6,"column":9},"end":{"line":6,"column":44}},{"start":{"line":6,"column":48},"end":{"line":6,"column":50}}],"line":6},"1":{"loc":{"start":{"line":12,"column":9},"end":{"line":12,"column":85}},"type":"binary-expr","locations":[{"start":{"line":12,"column":9},"end":{"line":12,"column":32}},{"start":{"line":12,"column":36},"end":{"line":12,"column":57}},{"start":{"line":12,"column":61},"end":{"line":12,"column":85}}],"line":12},"2":{"loc":{"start":{"line":20,"column":22},"end":{"line":20,"column":33}},"type":"binary-expr","locations":[{"start":{"line":20,"column":22},"end":{"line":20,"column":27}},{"start":{"line":20,"column":31},"end":{"line":20,"column":33}}],"line":20},"3":{"loc":{"start":{"line":24,"column":2},"end":{"line":26,"column":null}},"type":"if","locations":[{"start":{"line":24,"column":2},"end":{"line":26,"column":null}},{"start":{},"end":{}}],"line":24},"4":{"loc":{"start":{"line":24,"column":6},"end":{"line":24,"column":95}},"type":"binary-expr","locations":[{"start":{"line":24,"column":6},"end":{"line":24,"column":33}},{"start":{"line":24,"column":37},"end":{"line":24,"column":64}},{"start":{"line":24,"column":68},"end":{"line":24,"column":95}}],"line":24},"5":{"loc":{"start":{"line":27,"column":2},"end":{"line":29,"column":null}},"type":"if","locations":[{"start":{"line":27,"column":2},"end":{"line":29,"column":null}},{"start":{},"end":{}}],"line":27},"6":{"loc":{"start":{"line":27,"column":6},"end":{"line":27,"column":168}},"type":"binary-expr","locations":[{"start":{"line":27,"column":6},"end":{"line":27,"column":33}},{"start":{"line":27,"column":37},"end":{"line":27,"column":67}},{"start":{"line":27,"column":71},"end":{"line":27,"column":103}},{"start":{"line":27,"column":107},"end":{"line":27,"column":133}},{"start":{"line":27,"column":137},"end":{"line":27,"column":168}}],"line":27},"7":{"loc":{"start":{"line":30,"column":2},"end":{"line":32,"column":null}},"type":"if","locations":[{"start":{"line":30,"column":2},"end":{"line":32,"column":null}},{"start":{},"end":{}}],"line":30},"8":{"loc":{"start":{"line":30,"column":6},"end":{"line":30,"column":131}},"type":"binary-expr","locations":[{"start":{"line":30,"column":6},"end":{"line":30,"column":33}},{"start":{"line":30,"column":37},"end":{"line":30,"column":68}},{"start":{"line":30,"column":72},"end":{"line":30,"column":100}},{"start":{"line":30,"column":104},"end":{"line":30,"column":131}}],"line":30},"9":{"loc":{"start":{"line":33,"column":2},"end":{"line":35,"column":null}},"type":"if","locations":[{"start":{"line":33,"column":2},"end":{"line":35,"column":null}},{"start":{},"end":{}}],"line":33},"10":{"loc":{"start":{"line":33,"column":6},"end":{"line":33,"column":100}},"type":"binary-expr","locations":[{"start":{"line":33,"column":6},"end":{"line":33,"column":34}},{"start":{"line":33,"column":38},"end":{"line":33,"column":66}},{"start":{"line":33,"column":70},"end":{"line":33,"column":100}}],"line":33},"11":{"loc":{"start":{"line":36,"column":2},"end":{"line":38,"column":null}},"type":"if","locations":[{"start":{"line":36,"column":2},"end":{"line":38,"column":null}},{"start":{},"end":{}}],"line":36},"12":{"loc":{"start":{"line":36,"column":6},"end":{"line":36,"column":70}},"type":"binary-expr","locations":[{"start":{"line":36,"column":6},"end":{"line":36,"column":38}},{"start":{"line":36,"column":42},"end":{"line":36,"column":70}}],"line":36},"13":{"loc":{"start":{"line":39,"column":2},"end":{"line":41,"column":null}},"type":"if","locations":[{"start":{"line":39,"column":2},"end":{"line":41,"column":null}},{"start":{},"end":{}}],"line":39},"14":{"loc":{"start":{"line":45,"column":2},"end":{"line":47,"column":null}},"type":"if","locations":[{"start":{"line":45,"column":2},"end":{"line":47,"column":null}},{"start":{},"end":{}}],"line":45},"15":{"loc":{"start":{"line":45,"column":6},"end":{"line":45,"column":96}},"type":"binary-expr","locations":[{"start":{"line":45,"column":6},"end":{"line":45,"column":33}},{"start":{"line":45,"column":37},"end":{"line":45,"column":65}},{"start":{"line":45,"column":69},"end":{"line":45,"column":96}}],"line":45},"16":{"loc":{"start":{"line":48,"column":2},"end":{"line":50,"column":null}},"type":"if","locations":[{"start":{"line":48,"column":2},"end":{"line":50,"column":null}},{"start":{},"end":{}}],"line":48},"17":{"loc":{"start":{"line":48,"column":6},"end":{"line":48,"column":101}},"type":"binary-expr","locations":[{"start":{"line":48,"column":6},"end":{"line":48,"column":35}},{"start":{"line":48,"column":39},"end":{"line":48,"column":69}},{"start":{"line":48,"column":73},"end":{"line":48,"column":101}}],"line":48},"18":{"loc":{"start":{"line":51,"column":2},"end":{"line":53,"column":null}},"type":"if","locations":[{"start":{"line":51,"column":2},"end":{"line":53,"column":null}},{"start":{},"end":{}}],"line":51},"19":{"loc":{"start":{"line":51,"column":6},"end":{"line":51,"column":98}},"type":"binary-expr","locations":[{"start":{"line":51,"column":6},"end":{"line":51,"column":35}},{"start":{"line":51,"column":39},"end":{"line":51,"column":66}},{"start":{"line":51,"column":70},"end":{"line":51,"column":98}}],"line":51},"20":{"loc":{"start":{"line":54,"column":2},"end":{"line":56,"column":null}},"type":"if","locations":[{"start":{"line":54,"column":2},"end":{"line":56,"column":null}},{"start":{},"end":{}}],"line":54},"21":{"loc":{"start":{"line":60,"column":2},"end":{"line":60,"column":null}},"type":"if","locations":[{"start":{"line":60,"column":2},"end":{"line":60,"column":null}},{"start":{},"end":{}}],"line":60},"22":{"loc":{"start":{"line":61,"column":2},"end":{"line":61,"column":null}},"type":"if","locations":[{"start":{"line":61,"column":2},"end":{"line":61,"column":null}},{"start":{},"end":{}}],"line":61},"23":{"loc":{"start":{"line":74,"column":2},"end":{"line":78,"column":null}},"type":"if","locations":[{"start":{"line":74,"column":2},"end":{"line":78,"column":null}},{"start":{"line":76,"column":9},"end":{"line":78,"column":null}}],"line":74},"24":{"loc":{"start":{"line":76,"column":9},"end":{"line":78,"column":null}},"type":"if","locations":[{"start":{"line":76,"column":9},"end":{"line":78,"column":null}},{"start":{},"end":{}}],"line":76},"25":{"loc":{"start":{"line":82,"column":58},"end":{"line":82,"column":89}},"type":"binary-expr","locations":[{"start":{"line":82,"column":58},"end":{"line":82,"column":70}},{"start":{"line":82,"column":74},"end":{"line":82,"column":89}}],"line":82},"26":{"loc":{"start":{"line":94,"column":26},"end":{"line":94,"column":98}},"type":"binary-expr","locations":[{"start":{"line":94,"column":26},"end":{"line":94,"column":92}},{"start":{"line":94,"column":96},"end":{"line":94,"column":98}}],"line":94},"27":{"loc":{"start":{"line":102,"column":2},"end":{"line":104,"column":null}},"type":"if","locations":[{"start":{"line":102,"column":2},"end":{"line":104,"column":null}},{"start":{},"end":{}}],"line":102},"28":{"loc":{"start":{"line":102,"column":26},"end":{"line":102,"column":66}},"type":"binary-expr","locations":[{"start":{"line":102,"column":26},"end":{"line":102,"column":45}},{"start":{"line":102,"column":49},"end":{"line":102,"column":66}}],"line":102},"29":{"loc":{"start":{"line":106,"column":2},"end":{"line":108,"column":null}},"type":"if","locations":[{"start":{"line":106,"column":2},"end":{"line":108,"column":null}},{"start":{},"end":{}}],"line":106},"30":{"loc":{"start":{"line":110,"column":2},"end":{"line":112,"column":null}},"type":"if","locations":[{"start":{"line":110,"column":2},"end":{"line":112,"column":null}},{"start":{},"end":{}}],"line":110},"31":{"loc":{"start":{"line":114,"column":2},"end":{"line":116,"column":null}},"type":"if","locations":[{"start":{"line":114,"column":2},"end":{"line":116,"column":null}},{"start":{},"end":{}}],"line":114},"32":{"loc":{"start":{"line":126,"column":50},"end":{"line":126,"column":68}},"type":"default-arg","locations":[{"start":{"line":126,"column":63},"end":{"line":126,"column":68}}],"line":126},"33":{"loc":{"start":{"line":127,"column":4},"end":{"line":134,"column":null}},"type":"if","locations":[{"start":{"line":127,"column":4},"end":{"line":134,"column":null}},{"start":{},"end":{}}],"line":127},"34":{"loc":{"start":{"line":180,"column":42},"end":{"line":180,"column":60}},"type":"default-arg","locations":[{"start":{"line":180,"column":55},"end":{"line":180,"column":60}}],"line":180},"35":{"loc":{"start":{"line":181,"column":4},"end":{"line":188,"column":null}},"type":"if","locations":[{"start":{"line":181,"column":4},"end":{"line":188,"column":null}},{"start":{},"end":{}}],"line":181},"36":{"loc":{"start":{"line":215,"column":14},"end":{"line":215,"column":54}},"type":"cond-expr","locations":[{"start":{"line":215,"column":38},"end":{"line":215,"column":44}},{"start":{"line":215,"column":47},"end":{"line":215,"column":54}}],"line":215}},"s":{"0":1,"1":3,"2":1,"3":3,"4":3,"5":1,"6":1,"7":1,"8":1,"9":1,"10":1,"11":1,"12":1,"13":0,"14":1,"15":0,"16":1,"17":1,"18":1,"19":0,"20":1,"21":1,"22":1,"23":1,"24":0,"25":1,"26":0,"27":1,"28":0,"29":1,"30":1,"31":1,"32":1,"33":0,"34":1,"35":1,"36":1,"37":0,"38":1,"39":1,"40":1,"41":1,"42":1,"43":1,"44":1,"45":1,"46":1,"47":1,"48":1,"49":1,"50":6,"51":0,"52":1,"53":1,"54":1,"55":0,"56":0,"57":0,"58":0,"59":0,"60":0,"61":0,"62":1,"63":1,"64":1,"65":1,"66":1,"67":1,"68":0,"69":0,"70":0,"71":0,"72":0,"73":0,"74":0,"75":0,"76":0,"77":0,"78":0,"79":1,"80":1,"81":1,"82":1,"83":1,"84":0,"85":0,"86":0,"87":0,"88":0,"89":0,"90":0,"91":0,"92":0,"93":0,"94":0,"95":0},"f":{"0":3,"1":3,"2":1,"3":1,"4":1,"5":6,"6":1,"7":0,"8":0,"9":1,"10":1,"11":1,"12":1,"13":1,"14":1,"15":0},"b":{"0":[3,3],"1":[3,3,0],"2":[1,0],"3":[1,0],"4":[1,0,0],"5":[1,0],"6":[1,1,1,0,0],"7":[0,1],"8":[1,1,1,1],"9":[0,1],"10":[1,1,1],"11":[1,0],"12":[1,0],"13":[0,1],"14":[1,0],"15":[1,0,0],"16":[0,1],"17":[1,1,1],"18":[0,1],"19":[1,1,1],"20":[0,1],"21":[1,0],"22":[0,1],"23":[0,1],"24":[1,0],"25":[1,0],"26":[1,0],"27":[0,1],"28":[6,0],"29":[1,0],"30":[0,0],"31":[0,0],"32":[1],"33":[1,0],"34":[1],"35":[1,0],"36":[0,0]},"meta":{"lastBranch":37,"lastFunction":16,"lastStatement":96,"seen":{"s:5:18:7:1":0,"f:5:18:5:19":0,"s:6:2:6:Infinity":1,"b:6:9:6:44:6:48:6:50":0,"s:10:34:13:1":2,"f:10:34:10:35":1,"s:11:14:11:25":3,"s:12:2:12:Infinity":4,"b:12:9:12:32:12:36:12:57:12:61:12:85":1,"s:19:27:88:1":5,"f:19:27:19:28":2,"s:20:21:20:48":6,"b:20:22:20:27:20:31:20:33":2,"s:23:20:23:22":7,"b:24:2:26:Infinity:undefined:undefined:undefined:undefined":3,"s:24:2:26:Infinity":8,"b:24:6:24:33:24:37:24:64:24:68:24:95":4,"s:25:4:25:Infinity":9,"b:27:2:29:Infinity:undefined:undefined:undefined:undefined":5,"s:27:2:29:Infinity":10,"b:27:6:27:33:27:37:27:67:27:71:27:103:27:107:27:133:27:137:27:168":6,"s:28:4:28:Infinity":11,"b:30:2:32:Infinity:undefined:undefined:undefined:undefined":7,"s:30:2:32:Infinity":12,"b:30:6:30:33:30:37:30:68:30:72:30:100:30:104:30:131":8,"s:31:4:31:Infinity":13,"b:33:2:35:Infinity:undefined:undefined:undefined:undefined":9,"s:33:2:35:Infinity":14,"b:33:6:33:34:33:38:33:66:33:70:33:100":10,"s:34:4:34:Infinity":15,"b:36:2:38:Infinity:undefined:undefined:undefined:undefined":11,"s:36:2:38:Infinity":16,"b:36:6:36:38:36:42:36:70":12,"s:37:4:37:Infinity":17,"b:39:2:41:Infinity:undefined:undefined:undefined:undefined":13,"s:39:2:41:Infinity":18,"s:40:4:40:Infinity":19,"s:44:22:44:24":20,"b:45:2:47:Infinity:undefined:undefined:undefined:undefined":14,"s:45:2:47:Infinity":21,"b:45:6:45:33:45:37:45:65:45:69:45:96":15,"s:46:4:46:Infinity":22,"b:48:2:50:Infinity:undefined:undefined:undefined:undefined":16,"s:48:2:50:Infinity":23,"b:48:6:48:35:48:39:48:69:48:73:48:101":17,"s:49:4:49:Infinity":24,"b:51:2:53:Infinity:undefined:undefined:undefined:undefined":18,"s:51:2:53:Infinity":25,"b:51:6:51:35:51:39:51:66:51:70:51:98":19,"s:52:4:52:Infinity":26,"b:54:2:56:Infinity:undefined:undefined:undefined:undefined":20,"s:54:2:56:Infinity":27,"s:55:4:55:Infinity":28,"s:59:25:59:71":29,"b:60:2:60:Infinity:undefined:undefined:undefined:undefined":21,"s:60:2:60:Infinity":30,"s:60:40:60:Infinity":31,"b:61:2:61:Infinity:undefined:undefined:undefined:undefined":22,"s:61:2:61:Infinity":32,"s:61:33:61:Infinity":33,"s:64:21:69:3":34,"s:72:23:72:509":35,"b:74:2:78:Infinity:76:9:78:Infinity":23,"s:74:2:78:Infinity":36,"s:75:4:75:Infinity":37,"b:76:9:78:Infinity:undefined:undefined:undefined:undefined":24,"s:76:9:78:Infinity":38,"s:77:4:77:Infinity":39,"s:80:2:87:Infinity":40,"b:82:58:82:70:82:74:82:89":25,"s:93:28:119:1":41,"f:93:28:93:29":3,"s:94:26:94:98":42,"b:94:26:94:92:94:96:94:98":26,"f:94:61:94:62":4,"s:94:66:94:85":43,"s:95:16:95:45":44,"s:97:20:97:74":45,"s:98:25:98:115":46,"s:99:27:99:123":47,"s:100:23:100:94":48,"b:102:2:104:Infinity:undefined:undefined:undefined:undefined":27,"s:102:2:104:Infinity":49,"f:102:21:102:22":5,"s:102:26:102:66":50,"b:102:26:102:45:102:49:102:66":28,"s:103:4:103:Infinity":51,"b:106:2:108:Infinity:undefined:undefined:undefined:undefined":29,"s:106:2:108:Infinity":52,"f:106:26:106:27":6,"s:106:31:106:48":53,"s:107:4:107:Infinity":54,"b:110:2:112:Infinity:undefined:undefined:undefined:undefined":30,"s:110:2:112:Infinity":55,"f:110:28:110:29":7,"s:110:33:110:50":56,"s:111:4:111:Infinity":57,"b:114:2:116:Infinity:undefined:undefined:undefined:undefined":31,"s:114:2:116:Infinity":58,"f:114:24:114:25":8,"s:114:29:114:46":59,"s:115:4:115:Infinity":60,"s:118:2:118:Infinity":61,"s:124:29:233:1":62,"f:126:18:126:23":9,"b:126:63:126:68":32,"b:127:4:134:Infinity:undefined:undefined:undefined:undefined":33,"s:127:4:134:Infinity":63,"s:128:6:128:Infinity":64,"s:129:6:133:Infinity":65,"f:129:25:129:26":10,"s:130:8:132:17":66,"f:130:19:130:20":11,"s:131:10:131:Infinity":67,"s:136:4:176:Infinity":68,"s:137:21:137:32":69,"s:138:20:138:50":70,"s:141:24:141:42":71,"s:143:21:161:7":72,"s:163:20:163:66":73,"s:164:21:169:8":74,"s:171:27:171:49":75,"s:172:6:172:Infinity":76,"s:174:6:174:Infinity":77,"s:175:6:175:Infinity":78,"f:180:19:180:24":12,"b:180:55:180:60":34,"b:181:4:188:Infinity:undefined:undefined:undefined:undefined":35,"s:181:4:188:Infinity":79,"s:182:6:182:Infinity":80,"s:183:6:187:Infinity":81,"f:183:25:183:26":13,"s:184:8:186:Infinity":82,"f:184:19:184:20":14,"s:185:10:185:Infinity":83,"s:190:4:231:Infinity":84,"s:191:21:191:32":85,"s:192:20:192:50":86,"s:193:24:193:42":87,"s:195:32:206:7":88,"s:208:20:211:8":89,"s:214:32:217:9":90,"f:214:51:214:54":15,"s:214:59:217:7":91,"b:215:38:215:44:215:47:215:54":36,"s:219:21:225:8":92,"s:227:6:227:Infinity":93,"s:229:6:229:Infinity":94,"s:230:6:230:Infinity":95},"fnNames":{}}}
,"C:\\Users\\jay28\\.gemini\\antigravity\\scratch\\mind-flow-tracker\\src\\services\\songsData.js": {"path":"C:\\Users\\jay28\\.gemini\\antigravity\\scratch\\mind-flow-tracker\\src\\services\\songsData.js","statementMap":{"0":{"start":{"line":2,"column":25},"end":{"line":253,"column":1}},"1":{"start":{"line":256,"column":28},"end":{"line":261,"column":1}},"2":{"start":{"line":257,"column":2},"end":{"line":260,"column":null}}},"fnMap":{"0":{"name":"(anonymous_0)","decl":{"start":{"line":256,"column":28},"end":{"line":256,"column":29}},"loc":{"start":{"line":256,"column":38},"end":{"line":261,"column":1}},"line":256}},"branchMap":{},"s":{"0":1,"1":1,"2":1},"f":{"0":1},"b":{},"meta":{"lastBranch":0,"lastFunction":1,"lastStatement":3,"seen":{"s:2:25:253:1":0,"s:256:28:261:1":1,"f:256:28:256:29":0,"s:257:2:260:Infinity":2},"fnNames":{}}}
,"C:\\Users\\jay28\\.gemini\\antigravity\\scratch\\mind-flow-tracker\\src\\services\\storage.js": {"path":"C:\\Users\\jay28\\.gemini\\antigravity\\scratch\\mind-flow-tracker\\src\\services\\storage.js","statementMap":{"0":{"start":{"line":3,"column":13},"end":{"line":8,"column":1}},"1":{"start":{"line":11,"column":25},"end":{"line":21,"column":1}},"2":{"start":{"line":23,"column":23},"end":{"line":218,"column":1}},"3":{"start":{"line":26,"column":4},"end":{"line":36,"column":null}},"4":{"start":{"line":27,"column":6},"end":{"line":27,"column":null}},"5":{"start":{"line":28,"column":6},"end":{"line":28,"column":null}},"6":{"start":{"line":29,"column":6},"end":{"line":29,"column":null}},"7":{"start":{"line":30,"column":6},"end":{"line":30,"column":null}},"8":{"start":{"line":31,"column":6},"end":{"line":31,"column":null}},"9":{"start":{"line":32,"column":6},"end":{"line":32,"column":null}},"10":{"start":{"line":34,"column":6},"end":{"line":34,"column":null}},"11":{"start":{"line":35,"column":6},"end":{"line":35,"column":null}},"12":{"start":{"line":41,"column":4},"end":{"line":47,"column":null}},"13":{"start":{"line":42,"column":19},"end":{"line":42,"column":54}},"14":{"start":{"line":43,"column":6},"end":{"line":43,"column":null}},"15":{"start":{"line":45,"column":6},"end":{"line":45,"column":null}},"16":{"start":{"line":46,"column":6},"end":{"line":46,"column":null}},"17":{"start":{"line":51,"column":4},"end":{"line":57,"column":null}},"18":{"start":{"line":52,"column":6},"end":{"line":52,"column":null}},"19":{"start":{"line":53,"column":6},"end":{"line":53,"column":null}},"20":{"start":{"line":55,"column":6},"end":{"line":55,"column":null}},"21":{"start":{"line":56,"column":6},"end":{"line":56,"column":null}},"22":{"start":{"line":62,"column":4},"end":{"line":68,"column":null}},"23":{"start":{"line":63,"column":19},"end":{"line":63,"column":55}},"24":{"start":{"line":64,"column":6},"end":{"line":64,"column":null}},"25":{"start":{"line":66,"column":6},"end":{"line":66,"column":null}},"26":{"start":{"line":67,"column":6},"end":{"line":67,"column":null}},"27":{"start":{"line":72,"column":4},"end":{"line":78,"column":null}},"28":{"start":{"line":73,"column":6},"end":{"line":73,"column":null}},"29":{"start":{"line":74,"column":6},"end":{"line":74,"column":null}},"30":{"start":{"line":76,"column":6},"end":{"line":76,"column":null}},"31":{"start":{"line":77,"column":6},"end":{"line":77,"column":null}},"32":{"start":{"line":82,"column":4},"end":{"line":98,"column":null}},"33":{"start":{"line":83,"column":19},"end":{"line":83,"column":40}},"34":{"start":{"line":84,"column":21},"end":{"line":91,"column":7}},"35":{"start":{"line":92,"column":6},"end":{"line":92,"column":27}},"36":{"start":{"line":93,"column":6},"end":{"line":93,"column":null}},"37":{"start":{"line":94,"column":6},"end":{"line":94,"column":null}},"38":{"start":{"line":96,"column":6},"end":{"line":96,"column":null}},"39":{"start":{"line":97,"column":6},"end":{"line":97,"column":null}},"40":{"start":{"line":103,"column":4},"end":{"line":119,"column":null}},"41":{"start":{"line":104,"column":19},"end":{"line":104,"column":59}},"42":{"start":{"line":106,"column":6},"end":{"line":114,"column":null}},"43":{"start":{"line":107,"column":25},"end":{"line":111,"column":9}},"44":{"start":{"line":112,"column":8},"end":{"line":112,"column":null}},"45":{"start":{"line":113,"column":8},"end":{"line":113,"column":null}},"46":{"start":{"line":115,"column":6},"end":{"line":115,"column":null}},"47":{"start":{"line":117,"column":6},"end":{"line":117,"column":null}},"48":{"start":{"line":118,"column":6},"end":{"line":118,"column":null}},"49":{"start":{"line":123,"column":4},"end":{"line":129,"column":null}},"50":{"start":{"line":124,"column":6},"end":{"line":124,"column":null}},"51":{"start":{"line":125,"column":6},"end":{"line":125,"column":null}},"52":{"start":{"line":127,"column":6},"end":{"line":127,"column":null}},"53":{"start":{"line":128,"column":6},"end":{"line":128,"column":null}},"54":{"start":{"line":133,"column":4},"end":{"line":149,"column":null}},"55":{"start":{"line":134,"column":23},"end":{"line":134,"column":48}},"56":{"start":{"line":135,"column":22},"end":{"line":140,"column":7}},"57":{"start":{"line":141,"column":6},"end":{"line":141,"column":null}},"58":{"start":{"line":143,"column":6},"end":{"line":143,"column":null}},"59":{"start":{"line":143,"column":30},"end":{"line":143,"column":65}},"60":{"start":{"line":144,"column":6},"end":{"line":144,"column":null}},"61":{"start":{"line":145,"column":6},"end":{"line":145,"column":null}},"62":{"start":{"line":147,"column":6},"end":{"line":147,"column":null}},"63":{"start":{"line":148,"column":6},"end":{"line":148,"column":null}},"64":{"start":{"line":153,"column":4},"end":{"line":161,"column":null}},"65":{"start":{"line":154,"column":23},"end":{"line":154,"column":48}},"66":{"start":{"line":155,"column":22},"end":{"line":155,"column":61}},"67":{"start":{"line":155,"column":46},"end":{"line":155,"column":60}},"68":{"start":{"line":156,"column":6},"end":{"line":156,"column":null}},"69":{"start":{"line":157,"column":6},"end":{"line":157,"column":null}},"70":{"start":{"line":159,"column":6},"end":{"line":159,"column":null}},"71":{"start":{"line":160,"column":6},"end":{"line":160,"column":null}},"72":{"start":{"line":166,"column":4},"end":{"line":179,"column":null}},"73":{"start":{"line":167,"column":19},"end":{"line":167,"column":58}},"74":{"start":{"line":168,"column":6},"end":{"line":174,"column":null}},"75":{"start":{"line":169,"column":28},"end":{"line":171,"column":9}},"76":{"start":{"line":172,"column":8},"end":{"line":172,"column":null}},"77":{"start":{"line":173,"column":8},"end":{"line":173,"column":null}},"78":{"start":{"line":175,"column":6},"end":{"line":175,"column":null}},"79":{"start":{"line":177,"column":6},"end":{"line":177,"column":null}},"80":{"start":{"line":178,"column":6},"end":{"line":178,"column":null}},"81":{"start":{"line":183,"column":4},"end":{"line":189,"column":null}},"82":{"start":{"line":184,"column":6},"end":{"line":184,"column":null}},"83":{"start":{"line":185,"column":6},"end":{"line":185,"column":null}},"84":{"start":{"line":187,"column":6},"end":{"line":187,"column":null}},"85":{"start":{"line":188,"column":6},"end":{"line":188,"column":null}},"86":{"start":{"line":193,"column":4},"end":{"line":206,"column":null}},"87":{"start":{"line":194,"column":22},"end":{"line":194,"column":46}},"88":{"start":{"line":195,"column":25},"end":{"line":199,"column":7}},"89":{"start":{"line":200,"column":6},"end":{"line":200,"column":null}},"90":{"start":{"line":201,"column":6},"end":{"line":201,"column":null}},"91":{"start":{"line":202,"column":6},"end":{"line":202,"column":null}},"92":{"start":{"line":204,"column":6},"end":{"line":204,"column":null}},"93":{"start":{"line":205,"column":6},"end":{"line":205,"column":null}},"94":{"start":{"line":210,"column":4},"end":{"line":216,"column":null}},"95":{"start":{"line":211,"column":6},"end":{"line":211,"column":null}},"96":{"start":{"line":212,"column":6},"end":{"line":212,"column":null}},"97":{"start":{"line":214,"column":6},"end":{"line":214,"column":null}},"98":{"start":{"line":215,"column":6},"end":{"line":215,"column":null}}},"fnMap":{"0":{"name":"(anonymous_0)","decl":{"start":{"line":25,"column":12},"end":{"line":25,"column":13}},"loc":{"start":{"line":25,"column":18},"end":{"line":37,"column":3}},"line":25},"1":{"name":"(anonymous_1)","decl":{"start":{"line":40,"column":15},"end":{"line":40,"column":16}},"loc":{"start":{"line":40,"column":21},"end":{"line":48,"column":3}},"line":40},"2":{"name":"(anonymous_2)","decl":{"start":{"line":50,"column":16},"end":{"line":50,"column":17}},"loc":{"start":{"line":50,"column":30},"end":{"line":58,"column":3}},"line":50},"3":{"name":"(anonymous_3)","decl":{"start":{"line":61,"column":15},"end":{"line":61,"column":16}},"loc":{"start":{"line":61,"column":21},"end":{"line":69,"column":3}},"line":61},"4":{"name":"(anonymous_4)","decl":{"start":{"line":71,"column":16},"end":{"line":71,"column":17}},"loc":{"start":{"line":71,"column":26},"end":{"line":79,"column":3}},"line":71},"5":{"name":"(anonymous_5)","decl":{"start":{"line":81,"column":14},"end":{"line":81,"column":15}},"loc":{"start":{"line":81,"column":60},"end":{"line":99,"column":3}},"line":81},"6":{"name":"(anonymous_6)","decl":{"start":{"line":102,"column":19},"end":{"line":102,"column":20}},"loc":{"start":{"line":102,"column":25},"end":{"line":120,"column":3}},"line":102},"7":{"name":"(anonymous_7)","decl":{"start":{"line":122,"column":20},"end":{"line":122,"column":21}},"loc":{"start":{"line":122,"column":34},"end":{"line":130,"column":3}},"line":122},"8":{"name":"(anonymous_8)","decl":{"start":{"line":132,"column":11},"end":{"line":132,"column":12}},"loc":{"start":{"line":132,"column":37},"end":{"line":150,"column":3}},"line":132},"9":{"name":"(anonymous_9)","decl":{"start":{"line":143,"column":20},"end":{"line":143,"column":21}},"loc":{"start":{"line":143,"column":30},"end":{"line":143,"column":65}},"line":143},"10":{"name":"(anonymous_10)","decl":{"start":{"line":152,"column":14},"end":{"line":152,"column":15}},"loc":{"start":{"line":152,"column":22},"end":{"line":162,"column":3}},"line":152},"11":{"name":"(anonymous_11)","decl":{"start":{"line":155,"column":38},"end":{"line":155,"column":42}},"loc":{"start":{"line":155,"column":46},"end":{"line":155,"column":60}},"line":155},"12":{"name":"(anonymous_12)","decl":{"start":{"line":165,"column":18},"end":{"line":165,"column":19}},"loc":{"start":{"line":165,"column":24},"end":{"line":180,"column":3}},"line":165},"13":{"name":"(anonymous_13)","decl":{"start":{"line":182,"column":19},"end":{"line":182,"column":20}},"loc":{"start":{"line":182,"column":32},"end":{"line":190,"column":3}},"line":182},"14":{"name":"(anonymous_14)","decl":{"start":{"line":192,"column":18},"end":{"line":192,"column":19}},"loc":{"start":{"line":192,"column":36},"end":{"line":207,"column":3}},"line":192},"15":{"name":"(anonymous_15)","decl":{"start":{"line":209,"column":20},"end":{"line":209,"column":21}},"loc":{"start":{"line":209,"column":26},"end":{"line":217,"column":null}},"line":209}},"branchMap":{"0":{"loc":{"start":{"line":43,"column":13},"end":{"line":43,"column":55}},"type":"cond-expr","locations":[{"start":{"line":43,"column":20},"end":{"line":43,"column":36}},{"start":{"line":43,"column":39},"end":{"line":43,"column":55}}],"line":43},"1":{"loc":{"start":{"line":64,"column":13},"end":{"line":64,"column":41}},"type":"cond-expr","locations":[{"start":{"line":64,"column":20},"end":{"line":64,"column":36}},{"start":{"line":64,"column":39},"end":{"line":64,"column":41}}],"line":64},"2":{"loc":{"start":{"line":81,"column":40},"end":{"line":81,"column":55}},"type":"default-arg","locations":[{"start":{"line":81,"column":51},"end":{"line":81,"column":55}}],"line":81},"3":{"loc":{"start":{"line":88,"column":18},"end":{"line":88,"column":32}},"type":"binary-expr","locations":[{"start":{"line":88,"column":18},"end":{"line":88,"column":26}},{"start":{"line":88,"column":30},"end":{"line":88,"column":32}}],"line":88},"4":{"loc":{"start":{"line":89,"column":15},"end":{"line":89,"column":26}},"type":"binary-expr","locations":[{"start":{"line":89,"column":15},"end":{"line":89,"column":20}},{"start":{"line":89,"column":24},"end":{"line":89,"column":26}}],"line":89},"5":{"loc":{"start":{"line":106,"column":6},"end":{"line":114,"column":null}},"type":"if","locations":[{"start":{"line":106,"column":6},"end":{"line":114,"column":null}},{"start":{},"end":{}}],"line":106},"6":{"loc":{"start":{"line":168,"column":6},"end":{"line":174,"column":null}},"type":"if","locations":[{"start":{"line":168,"column":6},"end":{"line":174,"column":null}},{"start":{},"end":{}}],"line":168}},"s":{"0":1,"1":1,"2":1,"3":1,"4":1,"5":1,"6":1,"7":1,"8":1,"9":1,"10":0,"11":0,"12":2,"13":2,"14":2,"15":0,"16":0,"17":2,"18":2,"19":2,"20":0,"21":0,"22":3,"23":3,"24":3,"25":0,"26":0,"27":2,"28":2,"29":2,"30":0,"31":0,"32":2,"33":2,"34":2,"35":2,"36":2,"37":2,"38":0,"39":0,"40":6,"41":6,"42":6,"43":1,"44":1,"45":1,"46":5,"47":0,"48":0,"49":4,"50":4,"51":4,"52":0,"53":0,"54":3,"55":3,"56":3,"57":3,"58":3,"59":6,"60":3,"61":3,"62":0,"63":0,"64":1,"65":1,"66":1,"67":2,"68":1,"69":1,"70":0,"71":0,"72":4,"73":4,"74":4,"75":1,"76":1,"77":1,"78":3,"79":0,"80":0,"81":2,"82":2,"83":2,"84":0,"85":0,"86":2,"87":2,"88":2,"89":2,"90":2,"91":2,"92":0,"93":0,"94":1,"95":1,"96":1,"97":0,"98":0},"f":{"0":1,"1":2,"2":2,"3":3,"4":2,"5":2,"6":6,"7":4,"8":3,"9":6,"10":1,"11":2,"12":4,"13":2,"14":2,"15":1},"b":{"0":[1,1],"1":[1,2],"2":[2],"3":[2,0],"4":[2,0],"5":[1,5],"6":[1,3]},"meta":{"lastBranch":7,"lastFunction":16,"lastStatement":99,"seen":{"s:3:13:8:1":0,"s:11:25:21:1":1,"s:23:23:218:1":2,"f:25:12:25:13":0,"s:26:4:36:Infinity":3,"s:27:6:27:Infinity":4,"s:28:6:28:Infinity":5,"s:29:6:29:Infinity":6,"s:30:6:30:Infinity":7,"s:31:6:31:Infinity":8,"s:32:6:32:Infinity":9,"s:34:6:34:Infinity":10,"s:35:6:35:Infinity":11,"f:40:15:40:16":1,"s:41:4:47:Infinity":12,"s:42:19:42:54":13,"s:43:6:43:Infinity":14,"b:43:20:43:36:43:39:43:55":0,"s:45:6:45:Infinity":15,"s:46:6:46:Infinity":16,"f:50:16:50:17":2,"s:51:4:57:Infinity":17,"s:52:6:52:Infinity":18,"s:53:6:53:Infinity":19,"s:55:6:55:Infinity":20,"s:56:6:56:Infinity":21,"f:61:15:61:16":3,"s:62:4:68:Infinity":22,"s:63:19:63:55":23,"s:64:6:64:Infinity":24,"b:64:20:64:36:64:39:64:41":1,"s:66:6:66:Infinity":25,"s:67:6:67:Infinity":26,"f:71:16:71:17":4,"s:72:4:78:Infinity":27,"s:73:6:73:Infinity":28,"s:74:6:74:Infinity":29,"s:76:6:76:Infinity":30,"s:77:6:77:Infinity":31,"f:81:14:81:15":5,"b:81:51:81:55":2,"s:82:4:98:Infinity":32,"s:83:19:83:40":33,"s:84:21:91:7":34,"b:88:18:88:26:88:30:88:32":3,"b:89:15:89:20:89:24:89:26":4,"s:92:6:92:27":35,"s:93:6:93:Infinity":36,"s:94:6:94:Infinity":37,"s:96:6:96:Infinity":38,"s:97:6:97:Infinity":39,"f:102:19:102:20":6,"s:103:4:119:Infinity":40,"s:104:19:104:59":41,"b:106:6:114:Infinity:undefined:undefined:undefined:undefined":5,"s:106:6:114:Infinity":42,"s:107:25:111:9":43,"s:112:8:112:Infinity":44,"s:113:8:113:Infinity":45,"s:115:6:115:Infinity":46,"s:117:6:117:Infinity":47,"s:118:6:118:Infinity":48,"f:122:20:122:21":7,"s:123:4:129:Infinity":49,"s:124:6:124:Infinity":50,"s:125:6:125:Infinity":51,"s:127:6:127:Infinity":52,"s:128:6:128:Infinity":53,"f:132:11:132:12":8,"s:133:4:149:Infinity":54,"s:134:23:134:48":55,"s:135:22:140:7":56,"s:141:6:141:Infinity":57,"s:143:6:143:Infinity":58,"f:143:20:143:21":9,"s:143:30:143:65":59,"s:144:6:144:Infinity":60,"s:145:6:145:Infinity":61,"s:147:6:147:Infinity":62,"s:148:6:148:Infinity":63,"f:152:14:152:15":10,"s:153:4:161:Infinity":64,"s:154:23:154:48":65,"s:155:22:155:61":66,"f:155:38:155:42":11,"s:155:46:155:60":67,"s:156:6:156:Infinity":68,"s:157:6:157:Infinity":69,"s:159:6:159:Infinity":70,"s:160:6:160:Infinity":71,"f:165:18:165:19":12,"s:166:4:179:Infinity":72,"s:167:19:167:58":73,"b:168:6:174:Infinity:undefined:undefined:undefined:undefined":6,"s:168:6:174:Infinity":74,"s:169:28:171:9":75,"s:172:8:172:Infinity":76,"s:173:8:173:Infinity":77,"s:175:6:175:Infinity":78,"s:177:6:177:Infinity":79,"s:178:6:178:Infinity":80,"f:182:19:182:20":13,"s:183:4:189:Infinity":81,"s:184:6:184:Infinity":82,"s:185:6:185:Infinity":83,"s:187:6:187:Infinity":84,"s:188:6:188:Infinity":85,"f:192:18:192:19":14,"s:193:4:206:Infinity":86,"s:194:22:194:46":87,"s:195:25:199:7":88,"s:200:6:200:Infinity":89,"s:201:6:201:Infinity":90,"s:202:6:202:Infinity":91,"s:204:6:204:Infinity":92,"s:205:6:205:Infinity":93,"f:209:20:209:21":15,"s:210:4:216:Infinity":94,"s:211:6:211:Infinity":95,"s:212:6:212:Infinity":96,"s:214:6:214:Infinity":97,"s:215:6:215:Infinity":98},"fnNames":{}}}
}
